Using pre-set license
Built from '2022.3/staging' branch; Version is '2022.3.27f1 (73effa14754f) revision 7598074'; Using compiler version '192829333'; Build Type 'Release'
OS: 'Windows 11  (10.0.26100) 64bit CoreSingleLanguage' Language: 'en' Physical Memory: 15724 MB
BatchMode: 1, IsHumanControllingUs: 0, StartBugReporterOnCrash: 0, Is64bit: 1, IsPro: 1

COMMAND LINE ARGUMENTS:
C:\Program Files\Unity\Hub\Editor\2022.3.27f1\Editor\Unity.exe
-adb2
-batchMode
-noUpm
-name
AssetImportWorker2
-projectPath
E:/HollowKnightRemaster
-logFile
Logs/AssetImportWorker2.log
-srvPort
50890
Successfully changed project path to: E:/HollowKnightRemaster
E:/HollowKnightRemaster
[UnityMemory] Configuration Parameters - Can be set up in boot.config
    "memorysetup-bucket-allocator-granularity=16"
    "memorysetup-bucket-allocator-bucket-count=8"
    "memorysetup-bucket-allocator-block-size=33554432"
    "memorysetup-bucket-allocator-block-count=8"
    "memorysetup-main-allocator-block-size=16777216"
    "memorysetup-thread-allocator-block-size=16777216"
    "memorysetup-gfx-main-allocator-block-size=16777216"
    "memorysetup-gfx-thread-allocator-block-size=16777216"
    "memorysetup-cache-allocator-block-size=4194304"
    "memorysetup-typetree-allocator-block-size=2097152"
    "memorysetup-profiler-bucket-allocator-granularity=16"
    "memorysetup-profiler-bucket-allocator-bucket-count=8"
    "memorysetup-profiler-bucket-allocator-block-size=33554432"
    "memorysetup-profiler-bucket-allocator-block-count=8"
    "memorysetup-profiler-allocator-block-size=16777216"
    "memorysetup-profiler-editor-allocator-block-size=1048576"
    "memorysetup-temp-allocator-size-main=16777216"
    "memorysetup-job-temp-allocator-block-size=2097152"
    "memorysetup-job-temp-allocator-block-size-background=1048576"
    "memorysetup-job-temp-allocator-reduction-small-platforms=262144"
    "memorysetup-allocator-temp-initial-block-size-main=262144"
    "memorysetup-allocator-temp-initial-block-size-worker=262144"
    "memorysetup-temp-allocator-size-background-worker=32768"
    "memorysetup-temp-allocator-size-job-worker=262144"
    "memorysetup-temp-allocator-size-preload-manager=33554432"
    "memorysetup-temp-allocator-size-nav-mesh-worker=65536"
    "memorysetup-temp-allocator-size-audio-worker=65536"
    "memorysetup-temp-allocator-size-cloud-worker=32768"
    "memorysetup-temp-allocator-size-gi-baking-worker=262144"
    "memorysetup-temp-allocator-size-gfx=262144"
Player connection [26764] Host "[IP] 192.168.31.249 [Port] 0 [Flags] 2 [Guid] 362925455 [EditorId] 362925455 [Version] 1048832 [Id] WindowsEditor(7,LeiFeng) [Debug] 1 [PackageName] WindowsEditor [ProjectName] Editor" joined multi-casting on [225.0.0.222:54997]...

Player connection [26764] Host "[IP] 192.168.31.249 [Port] 0 [Flags] 2 [Guid] 362925455 [EditorId] 362925455 [Version] 1048832 [Id] WindowsEditor(7,LeiFeng) [Debug] 1 [PackageName] WindowsEditor [ProjectName] Editor" joined alternative multi-casting on [225.0.0.222:34997]...

[Physics::Module] Initialized MultithreadedJobDispatcher with 11 workers.
Refreshing native plugins compatible for Editor in 20.27 ms, found 4 plugins.
Preloading 0 native plugins for Editor in 0.00 ms.
Initialize engine version: 2022.3.27f1 (73effa14754f)
[Subsystems] Discovering subsystems at path C:/Program Files/Unity/Hub/Editor/2022.3.27f1/Editor/Data/Resources/UnitySubsystems
[Subsystems] Discovering subsystems at path E:/HollowKnightRemaster/Assets
GfxDevice: creating device client; threaded=0; jobified=0
Direct3D:
    Version:  Direct3D 11.0 [level 11.1]
    Renderer: NVIDIA GeForce GTX 1650 (ID=0x1f9d)
    Vendor:   NVIDIA
    VRAM:     3935 MB
    Driver:   32.0.15.7652
Initialize mono
Mono path[0] = 'C:/Program Files/Unity/Hub/Editor/2022.3.27f1/Editor/Data/Managed'
Mono path[1] = 'C:/Program Files/Unity/Hub/Editor/2022.3.27f1/Editor/Data/MonoBleedingEdge/lib/mono/unityjit-win32'
Mono config path = 'C:/Program Files/Unity/Hub/Editor/2022.3.27f1/Editor/Data/MonoBleedingEdge/etc'
Using monoOptions --debugger-agent=transport=dt_socket,embedding=1,server=y,suspend=n,address=127.0.0.1:56936
Begin MonoManager ReloadAssembly
Registering precompiled unity dll's ...
Register platform support module: C:/Program Files/Unity/Hub/Editor/2022.3.27f1/Editor/Data/PlaybackEngines/WebGLSupport/UnityEditor.WebGL.Extensions.dll
Register platform support module: C:/Program Files/Unity/Hub/Editor/2022.3.27f1/Editor/Data/PlaybackEngines/WindowsStandaloneSupport/UnityEditor.WindowsStandalone.Extensions.dll
Registered in 0.020319 seconds.
- Loaded All Assemblies, in  0.553 seconds
Native extension for WindowsStandalone target not found
Native extension for WebGL target not found
Mono: successfully reloaded assembly
- Finished resetting the current domain, in  0.335 seconds
Domain Reload Profiling: 886ms
	BeginReloadAssembly (193ms)
		ExecutionOrderSort (0ms)
		DisableScriptedObjects (0ms)
		BackupInstance (0ms)
		ReleaseScriptingObjects (0ms)
		CreateAndSetChildDomain (1ms)
	RebuildCommonClasses (81ms)
	RebuildNativeTypeToScriptingClass (15ms)
	initialDomainReloadingComplete (98ms)
	LoadAllAssembliesAndSetupDomain (162ms)
		LoadAssemblies (190ms)
		RebuildTransferFunctionScriptingTraits (0ms)
		AnalyzeDomain (159ms)
			TypeCache.Refresh (158ms)
				TypeCache.ScanAssembly (144ms)
			ScanForSourceGeneratedMonoScriptInfo (0ms)
			ResolveRequiredComponents (1ms)
	FinalizeReload (336ms)
		ReleaseScriptCaches (0ms)
		RebuildScriptCaches (0ms)
		SetupLoadedEditorAssemblies (254ms)
			LogAssemblyErrors (0ms)
			InitializePlatformSupportModulesInManaged (14ms)
			SetLoadedEditorAssemblies (7ms)
			RefreshPlugins (0ms)
			BeforeProcessingInitializeOnLoad (3ms)
			ProcessInitializeOnLoadAttributes (176ms)
			ProcessInitializeOnLoadMethodAttributes (55ms)
			AfterProcessingInitializeOnLoad (0ms)
			EditorAssembliesLoaded (0ms)
		ExecutionOrderSort2 (0ms)
		AwakeInstancesAfterBackupRestoration (0ms)
========================================================================
Worker process is ready to serve import requests
Begin MonoManager ReloadAssembly
- Loaded All Assemblies, in  0.805 seconds
Refreshing native plugins compatible for Editor in 6.36 ms, found 4 plugins.
Native extension for WindowsStandalone target not found
Native extension for WebGL target not found
Package Manager log level set to [2]
[Package Manager] Server::EnsureServerProcessIsRunning -- launch failed, reason: Unity was launched with the -noUpm command-line argument
[Package Manager] UpmClient::Send -- Unable to send message (not connected to UPM process).
[Package Manager] Cannot connect to Unity Package Manager local server
Mono: successfully reloaded assembly
- Finished resetting the current domain, in  1.143 seconds
Domain Reload Profiling: 1945ms
	BeginReloadAssembly (178ms)
		ExecutionOrderSort (0ms)
		DisableScriptedObjects (7ms)
		BackupInstance (0ms)
		ReleaseScriptingObjects (0ms)
		CreateAndSetChildDomain (25ms)
	RebuildCommonClasses (37ms)
	RebuildNativeTypeToScriptingClass (12ms)
	initialDomainReloadingComplete (53ms)
	LoadAllAssembliesAndSetupDomain (522ms)
		LoadAssemblies (376ms)
		RebuildTransferFunctionScriptingTraits (0ms)
		AnalyzeDomain (246ms)
			TypeCache.Refresh (202ms)
				TypeCache.ScanAssembly (186ms)
			ScanForSourceGeneratedMonoScriptInfo (30ms)
			ResolveRequiredComponents (12ms)
	FinalizeReload (1144ms)
		ReleaseScriptCaches (0ms)
		RebuildScriptCaches (0ms)
		SetupLoadedEditorAssemblies (889ms)
			LogAssemblyErrors (0ms)
			InitializePlatformSupportModulesInManaged (11ms)
			SetLoadedEditorAssemblies (6ms)
			RefreshPlugins (0ms)
			BeforeProcessingInitializeOnLoad (103ms)
			ProcessInitializeOnLoadAttributes (622ms)
			ProcessInitializeOnLoadMethodAttributes (133ms)
			AfterProcessingInitializeOnLoad (13ms)
			EditorAssembliesLoaded (0ms)
		ExecutionOrderSort2 (0ms)
		AwakeInstancesAfterBackupRestoration (11ms)
Launched and connected shader compiler UnityShaderCompiler.exe after 0.13 seconds
Refreshing native plugins compatible for Editor in 14.99 ms, found 4 plugins.
Preloading 0 native plugins for Editor in 0.00 ms.
Unloading 6113 Unused Serialized files (Serialized files now loaded: 0)
Unloading 93 unused Assets / (353.4 KB). Loaded Objects now: 6577.
Memory consumption went from 247.3 MB to 246.9 MB.
Total: 11.282500 ms (FindLiveObjects: 1.170700 ms CreateObjectMapping: 0.533700 ms MarkObjects: 9.121400 ms  DeleteObjects: 0.454600 ms)

AssetImportParameters requested are different than current active one (requested -> active):
  custom:container-demuxer-ogg: 62fdf1f143b41e24485cea50d1cbac27 -> 
  custom:video-codec-MediaFoundation-h265: 746d11721c4dcdbdad8f713fa42b33f4 -> 
  custom:video-decoder-ogg-theora: a1e56fd34408186e4bbccfd4996cb3dc -> 
  custom:framework-win-MediaFoundation: 216162199b28c13a410421893ffa2e32 -> 
  custom:CustomObjectIndexerAttribute: 72b91833f83ae208fae7752999fa3104 -> 
  custom:container-demuxer-webm: 4f35f7cbe854078d1ac9338744f61a02 -> 
  custom:container-muxer-webm: aa71ff27fc2769a1b78a27578f13a17b -> 
  custom:video-decoder-webm-vp8: 9c59270c3fd7afecdb556c50c9e8de78 -> 
  custom:SearchIndexIgnoredProperties: e643bd26f0fe6173181afceb89e7c659 -> 
  custom:AudioImporter_EditorPlatform: d09bf68614088b80899f8185d706f6e7 -> 
  custom:video-encoder-webm-vp8: eb34c28f22e8b96e1ab97ce403110664 -> 
  custom:audio-decoder-ogg-vorbis: bf7c407c2cedff20999df2af8eb42d56 -> 
  custom:audio-encoder-webm-vorbis: bf7c407c2cedff20999df2af8eb42d56 -> 
========================================================================
Received Import Request.
  Time since last request: 265605.862992 seconds.
  path: Assets/Resources/Environments/Area specfic architecture/Howling Cliffs/BG_bug_corpse_01.png
  artifactKey: Guid(6b9b5b438eed2c249b6888107d0745c0) Importer(815301076,1909f56bfc062723c751e8b465ee728b)
Start importing Assets/Resources/Environments/Area specfic architecture/Howling Cliffs/BG_bug_corpse_01.png using Guid(6b9b5b438eed2c249b6888107d0745c0) Importer(815301076,1909f56bfc062723c751e8b465ee728b)  -> (artifact id: '00b7fd21ffbde5e4ebb3344ca2af2b88') in 0.176067 seconds
Number of updated asset objects reloaded before import = 0
Number of asset objects unloaded after import = 3
========================================================================
Received Import Request.
  Time since last request: 0.000033 seconds.
  path: Assets/Architecture & Environment/Area specfic architecture/Howling Cliffs/BG_bug_corpse_03.png
  artifactKey: Guid(b78906e8bdb17d34da190aac617c2264) Importer(815301076,1909f56bfc062723c751e8b465ee728b)
Start importing Assets/Architecture & Environment/Area specfic architecture/Howling Cliffs/BG_bug_corpse_03.png using Guid(b78906e8bdb17d34da190aac617c2264) Importer(815301076,1909f56bfc062723c751e8b465ee728b)  -> (artifact id: 'd436fbce4cf320347039a066cf89dad3') in 0.039131 seconds
Number of updated asset objects reloaded before import = 0
Number of asset objects unloaded after import = 3
========================================================================
Received Import Request.
  Time since last request: 0.000037 seconds.
  path: Assets/Resources/Environments/Area specfic architecture/City of Tears/Soul Sanctum/Corpse_Candle_0006_a.png
  artifactKey: Guid(bf5c39ad6da2a7041893c2af46b045c2) Importer(815301076,1909f56bfc062723c751e8b465ee728b)
Start importing Assets/Resources/Environments/Area specfic architecture/City of Tears/Soul Sanctum/Corpse_Candle_0006_a.png using Guid(bf5c39ad6da2a7041893c2af46b045c2) Importer(815301076,1909f56bfc062723c751e8b465ee728b)  -> (artifact id: '8567e756999a36719b14f66c607719fa') in 0.040893 seconds
Number of updated asset objects reloaded before import = 0
Number of asset objects unloaded after import = 3
========================================================================
Received Import Request.
  Time since last request: 0.000030 seconds.
  path: Assets/Resources/Environments/Area specfic architecture/City of Tears/Soul Sanctum/Corpse_Candle_0010_b.png
  artifactKey: Guid(74c590db7e2f16f46a19fee1a5632417) Importer(815301076,1909f56bfc062723c751e8b465ee728b)
Start importing Assets/Resources/Environments/Area specfic architecture/City of Tears/Soul Sanctum/Corpse_Candle_0010_b.png using Guid(74c590db7e2f16f46a19fee1a5632417) Importer(815301076,1909f56bfc062723c751e8b465ee728b)  -> (artifact id: '0f620b7a832ca1e4c00d01bfb21d9d0e') in 0.019850 seconds
Number of updated asset objects reloaded before import = 0
Number of asset objects unloaded after import = 3
========================================================================
Received Import Request.
  Time since last request: 0.000031 seconds.
  path: Assets/Resources/Environments/Area specfic architecture/City of Tears/Soul Sanctum/Corpse_Candle_0003_c.png
  artifactKey: Guid(675cf4f312da0fe4bb2cb5f65cac847c) Importer(815301076,1909f56bfc062723c751e8b465ee728b)
Start importing Assets/Resources/Environments/Area specfic architecture/City of Tears/Soul Sanctum/Corpse_Candle_0003_c.png using Guid(675cf4f312da0fe4bb2cb5f65cac847c) Importer(815301076,1909f56bfc062723c751e8b465ee728b)  -> (artifact id: '6fba118460f4011595ab943aa1834906') in 0.036128 seconds
Number of updated asset objects reloaded before import = 0
Number of asset objects unloaded after import = 3
========================================================================
Received Import Request.
  Time since last request: 0.000028 seconds.
  path: Assets/Architecture & Environment/Area specfic architecture/City of Tears/Soul Sanctum/Corpse_Candle_0011_b.png
  artifactKey: Guid(24314e9db28fca64bb4cad5b267ea111) Importer(815301076,1909f56bfc062723c751e8b465ee728b)
Start importing Assets/Architecture & Environment/Area specfic architecture/City of Tears/Soul Sanctum/Corpse_Candle_0011_b.png using Guid(24314e9db28fca64bb4cad5b267ea111) Importer(815301076,1909f56bfc062723c751e8b465ee728b)  -> (artifact id: 'ad9ded16ae01ac5239915e8c486cd8d4') in 0.040400 seconds
Number of updated asset objects reloaded before import = 0
Number of asset objects unloaded after import = 3
========================================================================
Received Import Request.
  Time since last request: 1.606823 seconds.
  path: Assets/Resources/Environments/Area specfic architecture/City of Tears/Soul Sanctum/Corpse_Candle_0032_s.png
  artifactKey: Guid(6bf090c075321b343a77cbf419148335) Importer(815301076,1909f56bfc062723c751e8b465ee728b)
Start importing Assets/Resources/Environments/Area specfic architecture/City of Tears/Soul Sanctum/Corpse_Candle_0032_s.png using Guid(6bf090c075321b343a77cbf419148335) Importer(815301076,1909f56bfc062723c751e8b465ee728b)  -> (artifact id: 'eb85a7de992d9deb567bdab51c8431ae') in 0.027584 seconds
Number of updated asset objects reloaded before import = 0
Number of asset objects unloaded after import = 3
========================================================================
Received Import Request.
  Time since last request: 0.000031 seconds.
  path: Assets/Architecture & Environment/Area specfic architecture/City of Tears/Soul Sanctum/Corpse_Candle_0036_l.png
  artifactKey: Guid(c8ec0ec9dd2ea864ca6498eb3061cae4) Importer(815301076,1909f56bfc062723c751e8b465ee728b)
Start importing Assets/Architecture & Environment/Area specfic architecture/City of Tears/Soul Sanctum/Corpse_Candle_0036_l.png using Guid(c8ec0ec9dd2ea864ca6498eb3061cae4) Importer(815301076,1909f56bfc062723c751e8b465ee728b)  -> (artifact id: 'b9834ff82fb3bd8ce9d73857f4b1a50b') in 0.032380 seconds
Number of updated asset objects reloaded before import = 0
Number of asset objects unloaded after import = 3
========================================================================
Received Import Request.
  Time since last request: 0.000048 seconds.
  path: Assets/Architecture & Environment/Area specfic architecture/City of Tears/Soul Sanctum/Corpse_Candle_0038_d.png
  artifactKey: Guid(cc8638b9dfa9b6845a1b7ff0997f18de) Importer(815301076,1909f56bfc062723c751e8b465ee728b)
Start importing Assets/Architecture & Environment/Area specfic architecture/City of Tears/Soul Sanctum/Corpse_Candle_0038_d.png using Guid(cc8638b9dfa9b6845a1b7ff0997f18de) Importer(815301076,1909f56bfc062723c751e8b465ee728b)  -> (artifact id: '101080a5533c17e13957724c8ef30864') in 0.049782 seconds
Number of updated asset objects reloaded before import = 0
Number of asset objects unloaded after import = 3
========================================================================
Received Import Request.
  Time since last request: 0.000023 seconds.
  path: Assets/Architecture & Environment/Area specfic architecture/City of Tears/Soul Sanctum/Corpse_Candle_0037_l.png
  artifactKey: Guid(3802f339ea3089643901357fa50fe7ab) Importer(815301076,1909f56bfc062723c751e8b465ee728b)
Start importing Assets/Architecture & Environment/Area specfic architecture/City of Tears/Soul Sanctum/Corpse_Candle_0037_l.png using Guid(3802f339ea3089643901357fa50fe7ab) Importer(815301076,1909f56bfc062723c751e8b465ee728b)  -> (artifact id: '046e2704d4277132ecdea1066c087930') in 0.120758 seconds
Number of updated asset objects reloaded before import = 0
Number of asset objects unloaded after import = 3
========================================================================
Received Import Request.
  Time since last request: 0.240353 seconds.
  path: Assets/Architecture & Environment/Area specfic architecture/City of Tears/Soul Sanctum/Corpse_Candle_0042_d.png
  artifactKey: Guid(3a4b01da278d3b343b2d095c94240841) Importer(815301076,1909f56bfc062723c751e8b465ee728b)
Start importing Assets/Architecture & Environment/Area specfic architecture/City of Tears/Soul Sanctum/Corpse_Candle_0042_d.png using Guid(3a4b01da278d3b343b2d095c94240841) Importer(815301076,1909f56bfc062723c751e8b465ee728b)  -> (artifact id: '0474a03e6f3c5d52c8efe99234a548ea') in 0.022330 seconds
Number of updated asset objects reloaded before import = 0
Number of asset objects unloaded after import = 3
========================================================================
Received Import Request.
  Time since last request: 0.000022 seconds.
  path: Assets/Architecture & Environment/Area specfic architecture/City of Tears/corpse_set_01_0005_nail4-copy.png
  artifactKey: Guid(372fe03c13fa299499a1d88a39b9c101) Importer(815301076,1909f56bfc062723c751e8b465ee728b)
Start importing Assets/Architecture & Environment/Area specfic architecture/City of Tears/corpse_set_01_0005_nail4-copy.png using Guid(372fe03c13fa299499a1d88a39b9c101) Importer(815301076,1909f56bfc062723c751e8b465ee728b)  -> (artifact id: 'd6424ef488b675dfad2342cee76945db') in 0.022659 seconds
Number of updated asset objects reloaded before import = 0
Number of asset objects unloaded after import = 3
========================================================================
Received Import Request.
  Time since last request: 0.000021 seconds.
  path: Assets/Architecture & Environment/Area specfic architecture/City of Tears/corpse_set_01_0006_nail2.png
  artifactKey: Guid(5dae37bf66129a244be0518cf5d243f3) Importer(815301076,1909f56bfc062723c751e8b465ee728b)
Start importing Assets/Architecture & Environment/Area specfic architecture/City of Tears/corpse_set_01_0006_nail2.png using Guid(5dae37bf66129a244be0518cf5d243f3) Importer(815301076,1909f56bfc062723c751e8b465ee728b)  -> (artifact id: '8e58b11fcef63ee55156feea8a23b773') in 0.025097 seconds
Number of updated asset objects reloaded before import = 0
Number of asset objects unloaded after import = 3
========================================================================
Received Import Request.
  Time since last request: 0.000023 seconds.
  path: Assets/Architecture & Environment/Area specfic architecture/City of Tears/corpse_set_01_0008_nail1-copy_large.png
  artifactKey: Guid(2e7408b866f91d04da3a5d3aab487510) Importer(815301076,1909f56bfc062723c751e8b465ee728b)
Start importing Assets/Architecture & Environment/Area specfic architecture/City of Tears/corpse_set_01_0008_nail1-copy_large.png using Guid(2e7408b866f91d04da3a5d3aab487510) Importer(815301076,1909f56bfc062723c751e8b465ee728b)  -> (artifact id: '60735f9237c3f8bd624a2f3d035751f5') in 0.013593 seconds
Number of updated asset objects reloaded before import = 0
Number of asset objects unloaded after import = 3
========================================================================
Received Import Request.
  Time since last request: 0.000025 seconds.
  path: Assets/Resources/Environments/Area specfic architecture/Deepnest/deep_entrance_corpses_0000_a.png
  artifactKey: Guid(74abe261e156b724ba927b457590e1ad) Importer(815301076,1909f56bfc062723c751e8b465ee728b)
Start importing Assets/Resources/Environments/Area specfic architecture/Deepnest/deep_entrance_corpses_0000_a.png using Guid(74abe261e156b724ba927b457590e1ad) Importer(815301076,1909f56bfc062723c751e8b465ee728b)  -> (artifact id: '55b2cedd2e693eaaa5a07260b776f2de') in 0.027293 seconds
Number of updated asset objects reloaded before import = 0
Number of asset objects unloaded after import = 3
========================================================================
Received Import Request.
  Time since last request: 0.000030 seconds.
  path: Assets/Resources/Environments/Area specfic architecture/City of Tears/corpse_set_01_0006_nail2.png
  artifactKey: Guid(4b2f5c45fe7f03b41aa2d52b4ff26d4f) Importer(815301076,1909f56bfc062723c751e8b465ee728b)
Start importing Assets/Resources/Environments/Area specfic architecture/City of Tears/corpse_set_01_0006_nail2.png using Guid(4b2f5c45fe7f03b41aa2d52b4ff26d4f) Importer(815301076,1909f56bfc062723c751e8b465ee728b)  -> (artifact id: 'd5d5059917d4c12d9abff44f493683a3') in 0.026530 seconds
Number of updated asset objects reloaded before import = 0
Number of asset objects unloaded after import = 3
========================================================================
Received Import Request.
  Time since last request: 0.000038 seconds.
  path: Assets/Architecture & Environment/Area specfic architecture/City of Tears/corpse_set_01_0009_nail4.png
  artifactKey: Guid(ce97f7c32f30e4348b8d2e3fed329355) Importer(815301076,1909f56bfc062723c751e8b465ee728b)
Start importing Assets/Architecture & Environment/Area specfic architecture/City of Tears/corpse_set_01_0009_nail4.png using Guid(ce97f7c32f30e4348b8d2e3fed329355) Importer(815301076,1909f56bfc062723c751e8b465ee728b)  -> (artifact id: '420f669d74cf9abc2e8d3ac2be608b6f') in 0.010199 seconds
Number of updated asset objects reloaded before import = 0
Number of asset objects unloaded after import = 3
========================================================================
Received Import Request.
  Time since last request: 0.184243 seconds.
  path: Assets/Audio/dream_essence_corpse_collect.wav
  artifactKey: Guid(632a69003cc322d44a0e7b382b607195) Importer(815301076,1909f56bfc062723c751e8b465ee728b)
Start importing Assets/Audio/dream_essence_corpse_collect.wav using Guid(632a69003cc322d44a0e7b382b607195) Importer(815301076,1909f56bfc062723c751e8b465ee728b)  -> (artifact id: '2a49b9b51abcbc5185bf6cc3a695336f') in 0.056020 seconds
Number of updated asset objects reloaded before import = 0
Number of asset objects unloaded after import = 2
========================================================================
Received Import Request.
  Time since last request: 0.006227 seconds.
  path: Assets/Resources/Environments/Tram & Stagways/tram_rg_corpses_0000_3.png
  artifactKey: Guid(b5ba0cadf449a4640949a98d1d7696f9) Importer(815301076,1909f56bfc062723c751e8b465ee728b)
Start importing Assets/Resources/Environments/Tram & Stagways/tram_rg_corpses_0000_3.png using Guid(b5ba0cadf449a4640949a98d1d7696f9) Importer(815301076,1909f56bfc062723c751e8b465ee728b)  -> (artifact id: 'd790c40abd62786b1ec28caee8b08cdc') in 0.021736 seconds
Number of updated asset objects reloaded before import = 0
Number of asset objects unloaded after import = 3
========================================================================
Received Import Request.
  Time since last request: 115.112217 seconds.
  path: Assets/Scenes/In-Build/level212.unity
  artifactKey: Guid(2af16777b18aab049816fd95bac6fa72) Importer(815301076,1909f56bfc062723c751e8b465ee728b)
Start importing Assets/Scenes/In-Build/level212.unity using Guid(2af16777b18aab049816fd95bac6fa72) Importer(815301076,1909f56bfc062723c751e8b465ee728b)  -> (artifact id: '9c7e9898f3a01b4a50bf9cdaa4ca6615') in 0.000881 seconds
Number of updated asset objects reloaded before import = 0
Number of asset objects unloaded after import = 0
========================================================================
Received Import Request.
  Time since last request: 813.195074 seconds.
  path: Assets/Resources/Environments/Area specfic architecture/Fog Canyon/fog_canyon_plants_0000_6.png
  artifactKey: Guid(3f633ec142d4ba04aac5497e2a2d4a7d) Importer(815301076,1909f56bfc062723c751e8b465ee728b)
Start importing Assets/Resources/Environments/Area specfic architecture/Fog Canyon/fog_canyon_plants_0000_6.png using Guid(3f633ec142d4ba04aac5497e2a2d4a7d) Importer(815301076,1909f56bfc062723c751e8b465ee728b)  -> (artifact id: 'cad6c86ebd8b87ebcce52f3917302ff7') in 0.026709 seconds
Number of updated asset objects reloaded before import = 0
Number of asset objects unloaded after import = 3
========================================================================
Received Import Request.
  Time since last request: 50.406134 seconds.
  path: Assets/Resources/Environments/Grass & Vines/fungd_vine_11_0002_Layer-2.png
  artifactKey: Guid(aa049526bdf717648a8683c06a1b9eb8) Importer(815301076,1909f56bfc062723c751e8b465ee728b)
Start importing Assets/Resources/Environments/Grass & Vines/fungd_vine_11_0002_Layer-2.png using Guid(aa049526bdf717648a8683c06a1b9eb8) Importer(815301076,1909f56bfc062723c751e8b465ee728b)  -> (artifact id: '0e8a8fde3dd9a65e0b913cde7999a283') in 0.040630 seconds
Number of updated asset objects reloaded before import = 0
Number of asset objects unloaded after import = 3
========================================================================
Received Import Request.
  Time since last request: 0.000094 seconds.
  path: Assets/Architecture & Environment/Grass & Vines/fungd_vine_11_0004_Layer-0.png
  artifactKey: Guid(f72181055ab2d6a40ad1a8d298281710) Importer(815301076,1909f56bfc062723c751e8b465ee728b)
Start importing Assets/Architecture & Environment/Grass & Vines/fungd_vine_11_0004_Layer-0.png using Guid(f72181055ab2d6a40ad1a8d298281710) Importer(815301076,1909f56bfc062723c751e8b465ee728b)  -> (artifact id: 'a2fbe0c4cdff2e0b32bf62b6a4884e73') in 0.046063 seconds
Number of updated asset objects reloaded before import = 0
Number of asset objects unloaded after import = 3
========================================================================
Received Import Request.
  Time since last request: 0.000037 seconds.
  path: Assets/Resources/Environments/Grass & Vines/fungd_vine_11_0004_Layer-0.png
  artifactKey: Guid(f9c1c624157a3da478b321db97e195c7) Importer(815301076,1909f56bfc062723c751e8b465ee728b)
Start importing Assets/Resources/Environments/Grass & Vines/fungd_vine_11_0004_Layer-0.png using Guid(f9c1c624157a3da478b321db97e195c7) Importer(815301076,1909f56bfc062723c751e8b465ee728b)  -> (artifact id: 'bf5ce4bceba07cad7e1fb464a441527e') in 0.047562 seconds
Number of updated asset objects reloaded before import = 0
Number of asset objects unloaded after import = 3
========================================================================
Received Import Request.
  Time since last request: 0.000060 seconds.
  path: Assets/Architecture & Environment/Grass & Vines/fungd_vine_11_0003_Layer-4.png
  artifactKey: Guid(5c9f6292d118f2b47820e6dd944eeee8) Importer(815301076,1909f56bfc062723c751e8b465ee728b)
Start importing Assets/Architecture & Environment/Grass & Vines/fungd_vine_11_0003_Layer-4.png using Guid(5c9f6292d118f2b47820e6dd944eeee8) Importer(815301076,1909f56bfc062723c751e8b465ee728b)  -> (artifact id: '76f4695fc575c9d4586d4de44ca3414b') in 0.047630 seconds
Number of updated asset objects reloaded before import = 0
Number of asset objects unloaded after import = 3
========================================================================
Received Import Request.
  Time since last request: 12.941183 seconds.
  path: Assets/Architecture & Environment/Grass & Vines/fungd_vine_12.png
  artifactKey: Guid(61ac7e8504b39d24a8f3f6f4e773075c) Importer(815301076,1909f56bfc062723c751e8b465ee728b)
Start importing Assets/Architecture & Environment/Grass & Vines/fungd_vine_12.png using Guid(61ac7e8504b39d24a8f3f6f4e773075c) Importer(815301076,1909f56bfc062723c751e8b465ee728b)  -> (artifact id: 'ac4b611c5d12ea78354d22a56a008f45') in 0.028072 seconds
Number of updated asset objects reloaded before import = 0
Number of asset objects unloaded after import = 3
========================================================================
Received Import Request.
  Time since last request: 0.000028 seconds.
  path: Assets/Architecture & Environment/Grass & Vines/fungd_vine_13_0002_Layer-0.png
  artifactKey: Guid(ed675f878db333848b4f0632826dd201) Importer(815301076,1909f56bfc062723c751e8b465ee728b)
Start importing Assets/Architecture & Environment/Grass & Vines/fungd_vine_13_0002_Layer-0.png using Guid(ed675f878db333848b4f0632826dd201) Importer(815301076,1909f56bfc062723c751e8b465ee728b)  -> (artifact id: 'dc9bf18d4ab37a8971a9e7025b945a12') in 0.027328 seconds
Number of updated asset objects reloaded before import = 0
Number of asset objects unloaded after import = 3
========================================================================
Received Import Request.
  Time since last request: 0.000045 seconds.
  path: Assets/Architecture & Environment/Grass & Vines/grass1_idle_00014.png
  artifactKey: Guid(e949da20227b8574f9dac9ac20171260) Importer(815301076,1909f56bfc062723c751e8b465ee728b)
Start importing Assets/Architecture & Environment/Grass & Vines/grass1_idle_00014.png using Guid(e949da20227b8574f9dac9ac20171260) Importer(815301076,1909f56bfc062723c751e8b465ee728b)  -> (artifact id: 'fae138ccc44ef7810df8c969f8cbd4f6') in 0.036314 seconds
Number of updated asset objects reloaded before import = 0
Number of asset objects unloaded after import = 3
========================================================================
Received Import Request.
  Time since last request: 0.000033 seconds.
  path: Assets/Architecture & Environment/Grass & Vines/grass2_idle_00015.png
  artifactKey: Guid(819091f7eab638041979cfee9daa8ea8) Importer(815301076,1909f56bfc062723c751e8b465ee728b)
Start importing Assets/Architecture & Environment/Grass & Vines/grass2_idle_00015.png using Guid(819091f7eab638041979cfee9daa8ea8) Importer(815301076,1909f56bfc062723c751e8b465ee728b)  -> (artifact id: 'cc621f24e94a2e07099985bbc17dff1e') in 0.034022 seconds
Number of updated asset objects reloaded before import = 0
Number of asset objects unloaded after import = 3
========================================================================
Received Import Request.
  Time since last request: 0.000175 seconds.
  path: Assets/Architecture & Environment/Grass & Vines/grass3_idle_00011.png
  artifactKey: Guid(4ba185b6067985c4783df2ea5b3b63fc) Importer(815301076,1909f56bfc062723c751e8b465ee728b)
Start importing Assets/Architecture & Environment/Grass & Vines/grass3_idle_00011.png using Guid(4ba185b6067985c4783df2ea5b3b63fc) Importer(815301076,1909f56bfc062723c751e8b465ee728b)  -> (artifact id: '5bcafbcb68c33904f146540f2cdc47b4') in 0.031465 seconds
Number of updated asset objects reloaded before import = 0
Number of asset objects unloaded after import = 3
========================================================================
Received Import Request.
  Time since last request: 0.000028 seconds.
  path: Assets/Architecture & Environment/Grass & Vines/grass5_idle_00000.png
  artifactKey: Guid(81b10041e487d56458942dc9495b2e3e) Importer(815301076,1909f56bfc062723c751e8b465ee728b)
Start importing Assets/Architecture & Environment/Grass & Vines/grass5_idle_00000.png using Guid(81b10041e487d56458942dc9495b2e3e) Importer(815301076,1909f56bfc062723c751e8b465ee728b)  -> (artifact id: '3fa4cc6531d227b4b5055b42a8a1853b') in 0.026886 seconds
Number of updated asset objects reloaded before import = 0
Number of asset objects unloaded after import = 3
========================================================================
Received Import Request.
  Time since last request: 0.000026 seconds.
  path: Assets/Architecture & Environment/Grass & Vines/grass3_idle_00015.png
  artifactKey: Guid(77b84d6903c13774db97bb60499e201a) Importer(815301076,1909f56bfc062723c751e8b465ee728b)
Start importing Assets/Architecture & Environment/Grass & Vines/grass3_idle_00015.png using Guid(77b84d6903c13774db97bb60499e201a) Importer(815301076,1909f56bfc062723c751e8b465ee728b)  -> (artifact id: 'e7a015808f316a31b876554b7cb8c723') in 0.032453 seconds
Number of updated asset objects reloaded before import = 0
Number of asset objects unloaded after import = 3
========================================================================
Received Import Request.
  Time since last request: 0.000040 seconds.
  path: Assets/Architecture & Environment/Grass & Vines/grass_01_idle0007.png
  artifactKey: Guid(95e01331d4d072642bc4306d09e122f6) Importer(815301076,1909f56bfc062723c751e8b465ee728b)
Start importing Assets/Architecture & Environment/Grass & Vines/grass_01_idle0007.png using Guid(95e01331d4d072642bc4306d09e122f6) Importer(815301076,1909f56bfc062723c751e8b465ee728b)  -> (artifact id: '431bd248fec98e54cea01707fbd47707') in 0.132721 seconds
Number of updated asset objects reloaded before import = 0
Number of asset objects unloaded after import = 3
========================================================================
Received Import Request.
  Time since last request: 0.000042 seconds.
  path: Assets/Architecture & Environment/Grass & Vines/grass4_idle_00000.png
  artifactKey: Guid(ca5c23fc2d68c9f4c95d0310cc43b71f) Importer(815301076,1909f56bfc062723c751e8b465ee728b)
Start importing Assets/Architecture & Environment/Grass & Vines/grass4_idle_00000.png using Guid(ca5c23fc2d68c9f4c95d0310cc43b71f) Importer(815301076,1909f56bfc062723c751e8b465ee728b)  -> (artifact id: '1af6d45bff1f6d4ec12e57cb64ab3829') in 0.027208 seconds
Number of updated asset objects reloaded before import = 0
Number of asset objects unloaded after import = 3
========================================================================
Received Import Request.
  Time since last request: 0.000027 seconds.
  path: Assets/Architecture & Environment/Grass & Vines/grass2_idle_00000.png
  artifactKey: Guid(9dac025643fcf404bb259fdc58c70357) Importer(815301076,1909f56bfc062723c751e8b465ee728b)
Start importing Assets/Architecture & Environment/Grass & Vines/grass2_idle_00000.png using Guid(9dac025643fcf404bb259fdc58c70357) Importer(815301076,1909f56bfc062723c751e8b465ee728b)  -> (artifact id: 'c018feb57ae50aba775d39295d978987') in 0.032150 seconds
Number of updated asset objects reloaded before import = 0
Number of asset objects unloaded after import = 3
========================================================================
Received Import Request.
  Time since last request: 0.000025 seconds.
  path: Assets/Architecture & Environment/Grass & Vines/grass2_idle_00023.png
  artifactKey: Guid(ce9952f3e3518214eb39c336cb1ae86c) Importer(815301076,1909f56bfc062723c751e8b465ee728b)
Start importing Assets/Architecture & Environment/Grass & Vines/grass2_idle_00023.png using Guid(ce9952f3e3518214eb39c336cb1ae86c) Importer(815301076,1909f56bfc062723c751e8b465ee728b)  -> (artifact id: '1e8606d38122dbabdbd0626a3f87124b') in 0.032171 seconds
Number of updated asset objects reloaded before import = 0
Number of asset objects unloaded after import = 3
========================================================================
Received Import Request.
  Time since last request: 17.517694 seconds.
  path: Assets/Architecture & Environment/Grass & Vines/fungd_vine_11_0004_Layer-0.png
  artifactKey: Guid(f72181055ab2d6a40ad1a8d298281710) Importer(815301076,1909f56bfc062723c751e8b465ee728b)
Start importing Assets/Architecture & Environment/Grass & Vines/fungd_vine_11_0004_Layer-0.png using Guid(f72181055ab2d6a40ad1a8d298281710) Importer(815301076,1909f56bfc062723c751e8b465ee728b)  -> (artifact id: '8955932c3ce80afe041d19b4f8f0c54f') in 0.038346 seconds
Number of updated asset objects reloaded before import = 0
Number of asset objects unloaded after import = 3
========================================================================
Received Import Request.
  Time since last request: 11.591318 seconds.
  path: Packages/com.unity.render-pipelines.core/Runtime/PostProcessing/HDROutputDefines.cs.hlsl
  artifactKey: Guid(413c288ef05043d4285cf0407f8188b9) Importer(815301076,1909f56bfc062723c751e8b465ee728b)
Start importing Packages/com.unity.render-pipelines.core/Runtime/PostProcessing/HDROutputDefines.cs.hlsl using Guid(413c288ef05043d4285cf0407f8188b9) Importer(815301076,1909f56bfc062723c751e8b465ee728b)  -> (artifact id: '1db11f7c3b753c6f8668bcba00b51c97') in 0.002272 seconds
Number of updated asset objects reloaded before import = 0
Number of asset objects unloaded after import = 1
========================================================================
Received Import Request.
  Time since last request: 0.003042 seconds.
  path: Packages/com.unity.render-pipelines.universal/Runtime/VFXGraph/Shaders/VFXDefines.hlsl
  artifactKey: Guid(730c9c8a21ae0a64aba043694dfacca7) Importer(815301076,1909f56bfc062723c751e8b465ee728b)
Start importing Packages/com.unity.render-pipelines.universal/Runtime/VFXGraph/Shaders/VFXDefines.hlsl using Guid(730c9c8a21ae0a64aba043694dfacca7) Importer(815301076,1909f56bfc062723c751e8b465ee728b)  -> (artifact id: '6b0a3d15afec49d544cd3eac592eb19d') in 0.002702 seconds
Number of updated asset objects reloaded before import = 0
Number of asset objects unloaded after import = 1
========================================================================
Received Import Request.
  Time since last request: 18.468588 seconds.
  path: Assets/Resources/Environments/Grass & Vines/fungd_vine_12.png
  artifactKey: Guid(d8fe2966804e4e642b10ca912150fe02) Importer(815301076,1909f56bfc062723c751e8b465ee728b)
Start importing Assets/Resources/Environments/Grass & Vines/fungd_vine_12.png using Guid(d8fe2966804e4e642b10ca912150fe02) Importer(815301076,1909f56bfc062723c751e8b465ee728b)  -> (artifact id: '7443a2fcf97a07cb0b2ea22887a7f0c0') in 0.025309 seconds
Number of updated asset objects reloaded before import = 0
Number of asset objects unloaded after import = 3
========================================================================
Received Import Request.
  Time since last request: 166.925102 seconds.
  path: Packages/com.unity.inputsystem/InputSystem/Editor/AssetEditor/Resources/green.png
  artifactKey: Guid(ffeba93637e654de6a5906b48520dc94) Importer(815301076,1909f56bfc062723c751e8b465ee728b)
Start importing Packages/com.unity.inputsystem/InputSystem/Editor/AssetEditor/Resources/green.png using Guid(ffeba93637e654de6a5906b48520dc94) Importer(815301076,1909f56bfc062723c751e8b465ee728b)  -> (artifact id: '6b23065b614b09608696119469e46b23') in 0.020896 seconds
Number of updated asset objects reloaded before import = 0
Number of asset objects unloaded after import = 2
========================================================================
Received Import Request.
  Time since last request: 1.390203 seconds.
  path: Assets/Audio/Hornet_Greenpath_01.wav
  artifactKey: Guid(85966144d17b3b34083e8425f43947af) Importer(815301076,1909f56bfc062723c751e8b465ee728b)
Start importing Assets/Audio/Hornet_Greenpath_01.wav using Guid(85966144d17b3b34083e8425f43947af) Importer(815301076,1909f56bfc062723c751e8b465ee728b)  -> (artifact id: '94bcf1f0443071b1716bce48367be482') in 0.017788 seconds
Number of updated asset objects reloaded before import = 0
Number of asset objects unloaded after import = 2
========================================================================
Received Import Request.
  Time since last request: 29.273025 seconds.
  path: Assets/Architecture & Environment/Area specfic architecture/City of Tears/_0081_fountain.png
  artifactKey: Guid(0d83ed3764c0d434db58ac04644987c8) Importer(815301076,1909f56bfc062723c751e8b465ee728b)
Start importing Assets/Architecture & Environment/Area specfic architecture/City of Tears/_0081_fountain.png using Guid(0d83ed3764c0d434db58ac04644987c8) Importer(815301076,1909f56bfc062723c751e8b465ee728b)  -> (artifact id: '6b56396a65ac7f93e8a0622414deb942') in 0.026371 seconds
Number of updated asset objects reloaded before import = 0
Number of asset objects unloaded after import = 3
========================================================================
Received Import Request.
  Time since last request: 0.000031 seconds.
  path: Assets/Architecture & Environment/Area specfic architecture/City of Tears/_0083_fountain.png
  artifactKey: Guid(eed66a9839379bc4e9dc2a46e935f99f) Importer(815301076,1909f56bfc062723c751e8b465ee728b)
Start importing Assets/Architecture & Environment/Area specfic architecture/City of Tears/_0083_fountain.png using Guid(eed66a9839379bc4e9dc2a46e935f99f) Importer(815301076,1909f56bfc062723c751e8b465ee728b)  -> (artifact id: 'df3e807f29b9f6af41467b8085e24958') in 0.031408 seconds
Number of updated asset objects reloaded before import = 0
Number of asset objects unloaded after import = 3
========================================================================
Received Import Request.
  Time since last request: 0.000043 seconds.
  path: Assets/Resources/Environments/Area specfic architecture/City of Tears/_0084_fountain.png
  artifactKey: Guid(74a406aa4cea1084e9294691f770bfdb) Importer(815301076,1909f56bfc062723c751e8b465ee728b)
Start importing Assets/Resources/Environments/Area specfic architecture/City of Tears/_0084_fountain.png using Guid(74a406aa4cea1084e9294691f770bfdb) Importer(815301076,1909f56bfc062723c751e8b465ee728b)  -> (artifact id: '0da9ecf511f25121db684dfec6f1afea') in 0.032576 seconds
Number of updated asset objects reloaded before import = 0
Number of asset objects unloaded after import = 3
========================================================================
Received Import Request.
  Time since last request: 0.000026 seconds.
  path: Assets/Architecture & Environment/Area specfic architecture/City of Tears/_0092_fountain.png
  artifactKey: Guid(52e727b97007e2240bb8602f7af7b511) Importer(815301076,1909f56bfc062723c751e8b465ee728b)
Start importing Assets/Architecture & Environment/Area specfic architecture/City of Tears/_0092_fountain.png using Guid(52e727b97007e2240bb8602f7af7b511) Importer(815301076,1909f56bfc062723c751e8b465ee728b)  -> (artifact id: 'd356198176fdbd7eccbb255ea96ce2e5') in 0.030202 seconds
Number of updated asset objects reloaded before import = 0
Number of asset objects unloaded after import = 3
========================================================================
Received Import Request.
  Time since last request: 0.000025 seconds.
  path: Assets/Resources/Environments/Area specfic architecture/City of Tears/_0082_fountain.png
  artifactKey: Guid(6d55d63fa2715d143acef4db88c53e80) Importer(815301076,1909f56bfc062723c751e8b465ee728b)
Start importing Assets/Resources/Environments/Area specfic architecture/City of Tears/_0082_fountain.png using Guid(6d55d63fa2715d143acef4db88c53e80) Importer(815301076,1909f56bfc062723c751e8b465ee728b)  -> (artifact id: '8632d8ff1baf255a4e42ceadd0e34939') in 0.026695 seconds
Number of updated asset objects reloaded before import = 0
Number of asset objects unloaded after import = 3
========================================================================
Received Import Request.
  Time since last request: 219.542693 seconds.
  path: Assets/Architecture & Environment/Area specfic architecture/Abyss/_0001_abyss_plat3.png
  artifactKey: Guid(e7b1e998ecfc45d4ca40196f24efa000) Importer(815301076,1909f56bfc062723c751e8b465ee728b)
Start importing Assets/Architecture & Environment/Area specfic architecture/Abyss/_0001_abyss_plat3.png using Guid(e7b1e998ecfc45d4ca40196f24efa000) Importer(815301076,1909f56bfc062723c751e8b465ee728b)  -> (artifact id: '88ba7ef0df3230a33444add6f31c9dcb') in 0.022579 seconds
Number of updated asset objects reloaded before import = 0
Number of asset objects unloaded after import = 3
========================================================================
Received Import Request.
  Time since last request: 0.000024 seconds.
  path: Assets/Architecture & Environment/Area specfic architecture/Abyss/_0003_abyss_plat1.png
  artifactKey: Guid(a79bb27491c76ac4094a28f107fb595f) Importer(815301076,1909f56bfc062723c751e8b465ee728b)
Start importing Assets/Architecture & Environment/Area specfic architecture/Abyss/_0003_abyss_plat1.png using Guid(a79bb27491c76ac4094a28f107fb595f) Importer(815301076,1909f56bfc062723c751e8b465ee728b)  -> (artifact id: '6c6fd09955987821f18a741b30b81770') in 0.034104 seconds
Number of updated asset objects reloaded before import = 0
Number of asset objects unloaded after import = 3
========================================================================
Received Import Request.
  Time since last request: 0.000036 seconds.
  path: Assets/Architecture & Environment/Area specfic architecture/Abyss/_0009_abyss_02.png
  artifactKey: Guid(650437e75fa2d6c45bb4862ac052c93e) Importer(815301076,1909f56bfc062723c751e8b465ee728b)
Start importing Assets/Architecture & Environment/Area specfic architecture/Abyss/_0009_abyss_02.png using Guid(650437e75fa2d6c45bb4862ac052c93e) Importer(815301076,1909f56bfc062723c751e8b465ee728b)  -> (artifact id: '3f391158820dd8b32a7d93dc34365375') in 0.030929 seconds
Number of updated asset objects reloaded before import = 0
Number of asset objects unloaded after import = 3
========================================================================
Received Import Request.
  Time since last request: 0.000037 seconds.
  path: Assets/Architecture & Environment/Area specfic architecture/Abyss/_0020_abyss_02.png
  artifactKey: Guid(00732a4781cda0d41a6f5c28cd028a5b) Importer(815301076,1909f56bfc062723c751e8b465ee728b)
Start importing Assets/Architecture & Environment/Area specfic architecture/Abyss/_0020_abyss_02.png using Guid(00732a4781cda0d41a6f5c28cd028a5b) Importer(815301076,1909f56bfc062723c751e8b465ee728b)  -> (artifact id: '854c93952899b2b3fe8fc4a0a7cfb20a') in 0.027851 seconds
Number of updated asset objects reloaded before import = 0
Number of asset objects unloaded after import = 3
========================================================================
Received Import Request.
  Time since last request: 0.000023 seconds.
  path: Assets/Architecture & Environment/Area specfic architecture/Abyss/_0021_abyss_02.png
  artifactKey: Guid(83272ecb0252f7e49ac1c8c1035fc49f) Importer(815301076,1909f56bfc062723c751e8b465ee728b)
Start importing Assets/Architecture & Environment/Area specfic architecture/Abyss/_0021_abyss_02.png using Guid(83272ecb0252f7e49ac1c8c1035fc49f) Importer(815301076,1909f56bfc062723c751e8b465ee728b)  -> (artifact id: '5b2add785ea4954f91d7b631e3c8250e') in 0.026758 seconds
Number of updated asset objects reloaded before import = 0
Number of asset objects unloaded after import = 3
========================================================================
Received Import Request.
  Time since last request: 0.000024 seconds.
  path: Assets/Architecture & Environment/Area specfic architecture/Abyss/_0028_abyss_02.png
  artifactKey: Guid(7e44dd3f0928fc046b669476a47536d2) Importer(815301076,1909f56bfc062723c751e8b465ee728b)
Start importing Assets/Architecture & Environment/Area specfic architecture/Abyss/_0028_abyss_02.png using Guid(7e44dd3f0928fc046b669476a47536d2) Importer(815301076,1909f56bfc062723c751e8b465ee728b)  -> (artifact id: 'fa04957b49f4639a7fdcfecb0c6515e6') in 0.023537 seconds
Number of updated asset objects reloaded before import = 0
Number of asset objects unloaded after import = 3
========================================================================
Received Import Request.
  Time since last request: 0.000023 seconds.
  path: Assets/Architecture & Environment/Area specfic architecture/Abyss/_0029_abyss_02.png
  artifactKey: Guid(ffa66162730f8a34db59719d1001b80b) Importer(815301076,1909f56bfc062723c751e8b465ee728b)
Start importing Assets/Architecture & Environment/Area specfic architecture/Abyss/_0029_abyss_02.png using Guid(ffa66162730f8a34db59719d1001b80b) Importer(815301076,1909f56bfc062723c751e8b465ee728b)  -> (artifact id: 'c4aec5063364d8d074cb0e5eeabc217a') in 0.024380 seconds
Number of updated asset objects reloaded before import = 0
Number of asset objects unloaded after import = 3
========================================================================
Received Import Request.
  Time since last request: 0.000023 seconds.
  path: Assets/Architecture & Environment/Area specfic architecture/Abyss/_0034_abyss_02.png
  artifactKey: Guid(7acca3f2b6355fc44859f736d1138377) Importer(815301076,1909f56bfc062723c751e8b465ee728b)
Start importing Assets/Architecture & Environment/Area specfic architecture/Abyss/_0034_abyss_02.png using Guid(7acca3f2b6355fc44859f736d1138377) Importer(815301076,1909f56bfc062723c751e8b465ee728b)  -> (artifact id: '4e05691e7a8d42781ee2453fc987acfa') in 0.026474 seconds
Number of updated asset objects reloaded before import = 0
Number of asset objects unloaded after import = 3
========================================================================
Received Import Request.
  Time since last request: 0.000021 seconds.
  path: Assets/Architecture & Environment/Area specfic architecture/Abyss/_0039_abyss_02.png
  artifactKey: Guid(94d1730645903e74190713c020c546ce) Importer(815301076,1909f56bfc062723c751e8b465ee728b)
Start importing Assets/Architecture & Environment/Area specfic architecture/Abyss/_0039_abyss_02.png using Guid(94d1730645903e74190713c020c546ce) Importer(815301076,1909f56bfc062723c751e8b465ee728b)  -> (artifact id: '98a95904108e7e173d861800f402d7d2') in 0.020779 seconds
Number of updated asset objects reloaded before import = 0
Number of asset objects unloaded after import = 3
========================================================================
Received Import Request.
  Time since last request: 0.000036 seconds.
  path: Assets/Architecture & Environment/Area specfic architecture/Abyss/_0040_abyss_02.png
  artifactKey: Guid(eb88e5f634e623f4fbc574f40c800ea0) Importer(815301076,1909f56bfc062723c751e8b465ee728b)
Start importing Assets/Architecture & Environment/Area specfic architecture/Abyss/_0040_abyss_02.png using Guid(eb88e5f634e623f4fbc574f40c800ea0) Importer(815301076,1909f56bfc062723c751e8b465ee728b)  -> (artifact id: 'b2c9e96471c0f86f385104e1c34323af') in 0.027348 seconds
Number of updated asset objects reloaded before import = 0
Number of asset objects unloaded after import = 3
========================================================================
Received Import Request.
  Time since last request: 0.000037 seconds.
  path: Assets/Architecture & Environment/Area specfic architecture/Abyss/_0042_nail4.png
  artifactKey: Guid(2bd110afed4cc3b4da16bfad45d3827d) Importer(815301076,1909f56bfc062723c751e8b465ee728b)
Start importing Assets/Architecture & Environment/Area specfic architecture/Abyss/_0042_nail4.png using Guid(2bd110afed4cc3b4da16bfad45d3827d) Importer(815301076,1909f56bfc062723c751e8b465ee728b)  -> (artifact id: 'b147d685f32889012e0fc35b02800340') in 0.038521 seconds
Number of updated asset objects reloaded before import = 0
Number of asset objects unloaded after import = 3
========================================================================
Received Import Request.
  Time since last request: 0.000022 seconds.
  path: Assets/Architecture & Environment/Area specfic architecture/Abyss/_0050_abyss_02.png
  artifactKey: Guid(9116e0598a70117418459c05a6a78329) Importer(815301076,1909f56bfc062723c751e8b465ee728b)
Start importing Assets/Architecture & Environment/Area specfic architecture/Abyss/_0050_abyss_02.png using Guid(9116e0598a70117418459c05a6a78329) Importer(815301076,1909f56bfc062723c751e8b465ee728b)  -> (artifact id: 'a6c259713bcb5ab0a1b8f5a37b80bd31') in 0.029242 seconds
Number of updated asset objects reloaded before import = 0
Number of asset objects unloaded after import = 3
========================================================================
Received Import Request.
  Time since last request: 0.000024 seconds.
  path: Assets/Architecture & Environment/Area specfic architecture/Abyss/_0055_abyss.png
  artifactKey: Guid(244d9f48b881aef4fb55355b77eb580a) Importer(815301076,1909f56bfc062723c751e8b465ee728b)
Start importing Assets/Architecture & Environment/Area specfic architecture/Abyss/_0055_abyss.png using Guid(244d9f48b881aef4fb55355b77eb580a) Importer(815301076,1909f56bfc062723c751e8b465ee728b)  -> (artifact id: '470a80811249a6f77782bc26740f6359') in 0.029254 seconds
Number of updated asset objects reloaded before import = 0
Number of asset objects unloaded after import = 3
========================================================================
Received Import Request.
  Time since last request: 0.000027 seconds.
  path: Assets/Architecture & Environment/Area specfic architecture/Abyss/_0057_white_02.png
  artifactKey: Guid(a7e92bcc67dda664fbc18b71ab9fdf14) Importer(815301076,1909f56bfc062723c751e8b465ee728b)
Start importing Assets/Architecture & Environment/Area specfic architecture/Abyss/_0057_white_02.png using Guid(a7e92bcc67dda664fbc18b71ab9fdf14) Importer(815301076,1909f56bfc062723c751e8b465ee728b)  -> (artifact id: '2a1d083e8aa6e3e65a88081daf037bf3') in 0.029299 seconds
Number of updated asset objects reloaded before import = 0
Number of asset objects unloaded after import = 3
========================================================================
Received Import Request.
  Time since last request: 0.000025 seconds.
  path: Assets/Architecture & Environment/Area specfic architecture/Abyss/_0053_white_02.png
  artifactKey: Guid(5f36f51245513b3418e58109fcf407e3) Importer(815301076,1909f56bfc062723c751e8b465ee728b)
Start importing Assets/Architecture & Environment/Area specfic architecture/Abyss/_0053_white_02.png using Guid(5f36f51245513b3418e58109fcf407e3) Importer(815301076,1909f56bfc062723c751e8b465ee728b)  -> (artifact id: '202fd87cc1a2f01391067ff9c0a7587b') in 0.024053 seconds
Number of updated asset objects reloaded before import = 0
Number of asset objects unloaded after import = 3
========================================================================
Received Import Request.
  Time since last request: 0.000036 seconds.
  path: Assets/Architecture & Environment/Area specfic architecture/Abyss/_0036_abyss_02.png
  artifactKey: Guid(a54fb220e3e9e764aa632ae013b1d9b0) Importer(815301076,1909f56bfc062723c751e8b465ee728b)
Start importing Assets/Architecture & Environment/Area specfic architecture/Abyss/_0036_abyss_02.png using Guid(a54fb220e3e9e764aa632ae013b1d9b0) Importer(815301076,1909f56bfc062723c751e8b465ee728b)  -> (artifact id: 'b24d9990a2e9234a7b30bfc63438d1ac') in 0.031504 seconds
Number of updated asset objects reloaded before import = 0
Number of asset objects unloaded after import = 3
========================================================================
Received Import Request.
  Time since last request: 0.000036 seconds.
  path: Assets/Architecture & Environment/Area specfic architecture/Abyss/_0041_abyss_02.png
  artifactKey: Guid(084f67a8d37ee5c45ad5214370bc2e51) Importer(815301076,1909f56bfc062723c751e8b465ee728b)
Start importing Assets/Architecture & Environment/Area specfic architecture/Abyss/_0041_abyss_02.png using Guid(084f67a8d37ee5c45ad5214370bc2e51) Importer(815301076,1909f56bfc062723c751e8b465ee728b)  -> (artifact id: '81629874e4df1b9721bc98aa54c87b39') in 0.028011 seconds
Number of updated asset objects reloaded before import = 0
Number of asset objects unloaded after import = 3
========================================================================
Received Import Request.
  Time since last request: 0.000022 seconds.
  path: Assets/Architecture & Environment/Area specfic architecture/Abyss/_0031_abyss_02.png
  artifactKey: Guid(bd935029db7d89d49b6932b07ddc05ee) Importer(815301076,1909f56bfc062723c751e8b465ee728b)
Start importing Assets/Architecture & Environment/Area specfic architecture/Abyss/_0031_abyss_02.png using Guid(bd935029db7d89d49b6932b07ddc05ee) Importer(815301076,1909f56bfc062723c751e8b465ee728b)  -> (artifact id: '3595816ce42e4dd256652b3fb5abde6d') in 0.049113 seconds
Number of updated asset objects reloaded before import = 0
Number of asset objects unloaded after import = 3
========================================================================
Received Import Request.
  Time since last request: 0.000033 seconds.
  path: Assets/Architecture & Environment/Area specfic architecture/Abyss/_0173_Layer-425_dark.png
  artifactKey: Guid(ea0cef77b8f91674f9ca15b2ed445d87) Importer(815301076,1909f56bfc062723c751e8b465ee728b)
Start importing Assets/Architecture & Environment/Area specfic architecture/Abyss/_0173_Layer-425_dark.png using Guid(ea0cef77b8f91674f9ca15b2ed445d87) Importer(815301076,1909f56bfc062723c751e8b465ee728b)  -> (artifact id: '9938c42cec3f1e9a9db866a62b2283b8') in 0.051077 seconds
Number of updated asset objects reloaded before import = 0
Number of asset objects unloaded after import = 3
========================================================================
Received Import Request.
  Time since last request: 0.000042 seconds.
  path: Assets/Architecture & Environment/Area specfic architecture/Abyss/_0033_abyss_02.png
  artifactKey: Guid(3908fb0bff0362d4eac44fc3991f346b) Importer(815301076,1909f56bfc062723c751e8b465ee728b)
Start importing Assets/Architecture & Environment/Area specfic architecture/Abyss/_0033_abyss_02.png using Guid(3908fb0bff0362d4eac44fc3991f346b) Importer(815301076,1909f56bfc062723c751e8b465ee728b)  -> (artifact id: '4798c3ebe2a845a8c0947a2fac2d3eac') in 0.042910 seconds
Number of updated asset objects reloaded before import = 0
Number of asset objects unloaded after import = 3
========================================================================
Received Import Request.
  Time since last request: 0.000028 seconds.
  path: Assets/Architecture & Environment/Area specfic architecture/Abyss/_0018_abyss_02.png
  artifactKey: Guid(0f814495e23f8384eabc28f9f327710e) Importer(815301076,1909f56bfc062723c751e8b465ee728b)
Start importing Assets/Architecture & Environment/Area specfic architecture/Abyss/_0018_abyss_02.png using Guid(0f814495e23f8384eabc28f9f327710e) Importer(815301076,1909f56bfc062723c751e8b465ee728b)  -> (artifact id: '5b321cd035eed93fc7fded83fe2e3bd1') in 0.038881 seconds
Number of updated asset objects reloaded before import = 0
Number of asset objects unloaded after import = 3
========================================================================
Received Import Request.
  Time since last request: 0.000037 seconds.
  path: Assets/Architecture & Environment/Area specfic architecture/Abyss/_0047_abyss_02.png
  artifactKey: Guid(68dcf8021b3f09e419d88cd435135d86) Importer(815301076,1909f56bfc062723c751e8b465ee728b)
Start importing Assets/Architecture & Environment/Area specfic architecture/Abyss/_0047_abyss_02.png using Guid(68dcf8021b3f09e419d88cd435135d86) Importer(815301076,1909f56bfc062723c751e8b465ee728b)  -> (artifact id: 'aa194b3976eba2f56e9d2be303a4d3d3') in 0.031556 seconds
Number of updated asset objects reloaded before import = 0
Number of asset objects unloaded after import = 3
========================================================================
Received Import Request.
  Time since last request: 0.000030 seconds.
  path: Assets/Architecture & Environment/Area specfic architecture/Abyss/_0035_abyss_02.png
  artifactKey: Guid(f39cdf6dc5ced48468bafdc12cb20fda) Importer(815301076,1909f56bfc062723c751e8b465ee728b)
Start importing Assets/Architecture & Environment/Area specfic architecture/Abyss/_0035_abyss_02.png using Guid(f39cdf6dc5ced48468bafdc12cb20fda) Importer(815301076,1909f56bfc062723c751e8b465ee728b)  -> (artifact id: '99a40dbb764fc98c93fbc0ae14e9e5f7') in 0.032736 seconds
Number of updated asset objects reloaded before import = 0
Number of asset objects unloaded after import = 3
========================================================================
Received Import Request.
  Time since last request: 0.000024 seconds.
  path: Assets/Architecture & Environment/Area specfic architecture/Abyss/_0055_white_02.png
  artifactKey: Guid(445cc312f6d44194ea245a13b29dda66) Importer(815301076,1909f56bfc062723c751e8b465ee728b)
Start importing Assets/Architecture & Environment/Area specfic architecture/Abyss/_0055_white_02.png using Guid(445cc312f6d44194ea245a13b29dda66) Importer(815301076,1909f56bfc062723c751e8b465ee728b)  -> (artifact id: '42d51ea95ac76b9e270248a2e2e55771') in 0.028958 seconds
Number of updated asset objects reloaded before import = 0
Number of asset objects unloaded after import = 3
========================================================================
Received Import Request.
  Time since last request: 0.000023 seconds.
  path: Assets/Architecture & Environment/Area specfic architecture/Abyss/_0173_Layer-425.png
  artifactKey: Guid(1ed8e6ead977c1046929b696681af0bb) Importer(815301076,1909f56bfc062723c751e8b465ee728b)
Start importing Assets/Architecture & Environment/Area specfic architecture/Abyss/_0173_Layer-425.png using Guid(1ed8e6ead977c1046929b696681af0bb) Importer(815301076,1909f56bfc062723c751e8b465ee728b)  -> (artifact id: 'a39c656538954cfc6ebd08ccd81545f0') in 0.025448 seconds
Number of updated asset objects reloaded before import = 0
Number of asset objects unloaded after import = 3
========================================================================
Received Import Request.
  Time since last request: 0.000028 seconds.
  path: Assets/Architecture & Environment/Area specfic architecture/Abyss/_0062_abyss_02.png
  artifactKey: Guid(04e2ab96723f7b6469053fc6b30a6210) Importer(815301076,1909f56bfc062723c751e8b465ee728b)
Start importing Assets/Architecture & Environment/Area specfic architecture/Abyss/_0062_abyss_02.png using Guid(04e2ab96723f7b6469053fc6b30a6210) Importer(815301076,1909f56bfc062723c751e8b465ee728b)  -> (artifact id: '9433122c851a85645cf8d3cdc28ccb7f') in 0.036657 seconds
Number of updated asset objects reloaded before import = 0
Number of asset objects unloaded after import = 3
========================================================================
Received Import Request.
  Time since last request: 0.000028 seconds.
  path: Assets/Architecture & Environment/Area specfic architecture/Abyss/_0071_abyss_02.png
  artifactKey: Guid(4cada42edd0eed84face62dd48c0d956) Importer(815301076,1909f56bfc062723c751e8b465ee728b)
Start importing Assets/Architecture & Environment/Area specfic architecture/Abyss/_0071_abyss_02.png using Guid(4cada42edd0eed84face62dd48c0d956) Importer(815301076,1909f56bfc062723c751e8b465ee728b)  -> (artifact id: '7a4e492fca7be9064e193ad8145a2cda') in 0.031495 seconds
Number of updated asset objects reloaded before import = 0
Number of asset objects unloaded after import = 3
========================================================================
Received Import Request.
  Time since last request: 0.000039 seconds.
  path: Assets/Architecture & Environment/Area specfic architecture/Abyss/_0027_abyss_02.png
  artifactKey: Guid(ccba270fb347b864c877a3df8890fa16) Importer(815301076,1909f56bfc062723c751e8b465ee728b)
Start importing Assets/Architecture & Environment/Area specfic architecture/Abyss/_0027_abyss_02.png using Guid(ccba270fb347b864c877a3df8890fa16) Importer(815301076,1909f56bfc062723c751e8b465ee728b)  -> (artifact id: '1c241b4770a892e94b51c77ab77d53d8') in 0.033726 seconds
Number of updated asset objects reloaded before import = 0
Number of asset objects unloaded after import = 3
========================================================================
Received Import Request.
  Time since last request: 0.000024 seconds.
  path: Assets/Architecture & Environment/Area specfic architecture/Abyss/_0012_abyss_02.png
  artifactKey: Guid(6107a743324028542abd633aea16f5d4) Importer(815301076,1909f56bfc062723c751e8b465ee728b)
Start importing Assets/Architecture & Environment/Area specfic architecture/Abyss/_0012_abyss_02.png using Guid(6107a743324028542abd633aea16f5d4) Importer(815301076,1909f56bfc062723c751e8b465ee728b)  -> (artifact id: '47ec9676b4fa0b35d9967ac2483118b2') in 0.028755 seconds
Number of updated asset objects reloaded before import = 0
Number of asset objects unloaded after import = 3
========================================================================
Received Import Request.
  Time since last request: 0.000023 seconds.
  path: Assets/Architecture & Environment/Area specfic architecture/Abyss/_0048_abyss_02.png
  artifactKey: Guid(0188e98f32fd38948bac52a2fc9e8d86) Importer(815301076,1909f56bfc062723c751e8b465ee728b)
Start importing Assets/Architecture & Environment/Area specfic architecture/Abyss/_0048_abyss_02.png using Guid(0188e98f32fd38948bac52a2fc9e8d86) Importer(815301076,1909f56bfc062723c751e8b465ee728b)  -> (artifact id: 'ae641717ab28403a3aba835462f54883') in 0.031402 seconds
Number of updated asset objects reloaded before import = 0
Number of asset objects unloaded after import = 3
========================================================================
Received Import Request.
  Time since last request: 0.000030 seconds.
  path: Assets/Architecture & Environment/Area specfic architecture/Abyss/_0067_abyss_02.png
  artifactKey: Guid(becca43fd483821488760236222c3f8f) Importer(815301076,1909f56bfc062723c751e8b465ee728b)
Start importing Assets/Architecture & Environment/Area specfic architecture/Abyss/_0067_abyss_02.png using Guid(becca43fd483821488760236222c3f8f) Importer(815301076,1909f56bfc062723c751e8b465ee728b)  -> (artifact id: '5a029fabe918cb3bdb50278a2514ff93') in 0.034981 seconds
Number of updated asset objects reloaded before import = 0
Number of asset objects unloaded after import = 3
========================================================================
Received Import Request.
  Time since last request: 0.000025 seconds.
  path: Assets/Architecture & Environment/Area specfic architecture/Abyss/_0068_abyss_02.png
  artifactKey: Guid(dd6e48134430d01458d08cc9ed147983) Importer(815301076,1909f56bfc062723c751e8b465ee728b)
Start importing Assets/Architecture & Environment/Area specfic architecture/Abyss/_0068_abyss_02.png using Guid(dd6e48134430d01458d08cc9ed147983) Importer(815301076,1909f56bfc062723c751e8b465ee728b)  -> (artifact id: '9300f90ef465eee392830b33e130ddee') in 0.028442 seconds
Number of updated asset objects reloaded before import = 0
Number of asset objects unloaded after import = 3
========================================================================
Received Import Request.
  Time since last request: 0.000035 seconds.
  path: Assets/Architecture & Environment/Area specfic architecture/Abyss/_0008_abyss_02.png
  artifactKey: Guid(bdaa867f643ca4f4889ca146c0f980b5) Importer(815301076,1909f56bfc062723c751e8b465ee728b)
Start importing Assets/Architecture & Environment/Area specfic architecture/Abyss/_0008_abyss_02.png using Guid(bdaa867f643ca4f4889ca146c0f980b5) Importer(815301076,1909f56bfc062723c751e8b465ee728b)  -> (artifact id: '0ed0263898789afe46d20004fefd7e34') in 0.029203 seconds
Number of updated asset objects reloaded before import = 0
Number of asset objects unloaded after import = 3
========================================================================
Received Import Request.
  Time since last request: 0.000036 seconds.
  path: Assets/Architecture & Environment/Area specfic architecture/Abyss/_0066_abyss_02.png
  artifactKey: Guid(8f73ad841748ab04ea3a3cf91283d28f) Importer(815301076,1909f56bfc062723c751e8b465ee728b)
Start importing Assets/Architecture & Environment/Area specfic architecture/Abyss/_0066_abyss_02.png using Guid(8f73ad841748ab04ea3a3cf91283d28f) Importer(815301076,1909f56bfc062723c751e8b465ee728b)  -> (artifact id: '87abb5ae0d2011bafca8f5fda1c75549') in 0.030496 seconds
Number of updated asset objects reloaded before import = 0
Number of asset objects unloaded after import = 3
========================================================================
Received Import Request.
  Time since last request: 176.808990 seconds.
  path: Assets/Scenes/level214.unity
  artifactKey: Guid(1fb4c999b2549844b9ada8ec57fe1277) Importer(815301076,1909f56bfc062723c751e8b465ee728b)
Start importing Assets/Scenes/level214.unity using Guid(1fb4c999b2549844b9ada8ec57fe1277) Importer(815301076,1909f56bfc062723c751e8b465ee728b)  -> (artifact id: 'f36576d1e9a12a801875d2cee52f2d57') in 0.001280 seconds
Number of updated asset objects reloaded before import = 0
Number of asset objects unloaded after import = 0
========================================================================
Received Import Request.
  Time since last request: 53.657886 seconds.
  path: Assets/Scenes/Beta
  artifactKey: Guid(1fc40bf7a49cdbd4daf02d3d68db8af6) Importer(815301076,1909f56bfc062723c751e8b465ee728b)
Start importing Assets/Scenes/Beta using Guid(1fc40bf7a49cdbd4daf02d3d68db8af6) Importer(815301076,1909f56bfc062723c751e8b465ee728b)  -> (artifact id: 'b7b8d1f7bc52c4f4217f4f1758a24f2f') in 0.000688 seconds
Number of updated asset objects reloaded before import = 0
Number of asset objects unloaded after import = 0
========================================================================
Received Import Request.
  Time since last request: 175.543940 seconds.
  path: Assets/Scenes/level212.unity
  artifactKey: Guid(2af16777b18aab049816fd95bac6fa72) Importer(815301076,1909f56bfc062723c751e8b465ee728b)
Start importing Assets/Scenes/level212.unity using Guid(2af16777b18aab049816fd95bac6fa72) Importer(815301076,1909f56bfc062723c751e8b465ee728b)  -> (artifact id: '97948515a9030768082504f8082831ef') in 0.000805 seconds
Number of updated asset objects reloaded before import = 0
Number of asset objects unloaded after import = 0
========================================================================
Received Import Request.
  Time since last request: 1.939383 seconds.
  path: Assets/Scenes/level213.unity
  artifactKey: Guid(8449d646366a9d34b922a24df20ec978) Importer(815301076,1909f56bfc062723c751e8b465ee728b)
Start importing Assets/Scenes/level213.unity using Guid(8449d646366a9d34b922a24df20ec978) Importer(815301076,1909f56bfc062723c751e8b465ee728b)  -> (artifact id: '85fed96254ded732c2dd4a9448d583e3') in 0.000683 seconds
Number of updated asset objects reloaded before import = 0
Number of asset objects unloaded after import = 0
========================================================================
Received Import Request.
  Time since last request: 1.337546 seconds.
  path: Assets/Scenes/level216.unity
  artifactKey: Guid(4f32e9fee4cb8d44aaac02dc83a74d13) Importer(815301076,1909f56bfc062723c751e8b465ee728b)
Start importing Assets/Scenes/level216.unity using Guid(4f32e9fee4cb8d44aaac02dc83a74d13) Importer(815301076,1909f56bfc062723c751e8b465ee728b)  -> (artifact id: 'e058915114b7a0ead3b7b7ed397a8edd') in 0.000511 seconds
Number of updated asset objects reloaded before import = 0
Number of asset objects unloaded after import = 0
========================================================================
Received Prepare
Begin MonoManager ReloadAssembly
- Loaded All Assemblies, in  0.827 seconds
Refreshing native plugins compatible for Editor in 7.96 ms, found 4 plugins.
Native extension for WindowsStandalone target not found
Native extension for WebGL target not found
[Package Manager] Server::EnsureServerProcessIsRunning -- launch failed, reason: Unity was launched with the -noUpm command-line argument
[Package Manager] UpmClient::Send -- Unable to send message (not connected to UPM process).
[Package Manager] Cannot connect to Unity Package Manager local server
Mono: successfully reloaded assembly
- Finished resetting the current domain, in  2.702 seconds
Domain Reload Profiling: 3525ms
	BeginReloadAssembly (266ms)
		ExecutionOrderSort (0ms)
		DisableScriptedObjects (17ms)
		BackupInstance (0ms)
		ReleaseScriptingObjects (0ms)
		CreateAndSetChildDomain (66ms)
	RebuildCommonClasses (54ms)
	RebuildNativeTypeToScriptingClass (18ms)
	initialDomainReloadingComplete (54ms)
	LoadAllAssembliesAndSetupDomain (430ms)
		LoadAssemblies (538ms)
		RebuildTransferFunctionScriptingTraits (0ms)
		AnalyzeDomain (32ms)
			TypeCache.Refresh (10ms)
				TypeCache.ScanAssembly (0ms)
			ScanForSourceGeneratedMonoScriptInfo (0ms)
			ResolveRequiredComponents (19ms)
	FinalizeReload (2703ms)
		ReleaseScriptCaches (0ms)
		RebuildScriptCaches (0ms)
		SetupLoadedEditorAssemblies (1011ms)
			LogAssemblyErrors (0ms)
			InitializePlatformSupportModulesInManaged (22ms)
			SetLoadedEditorAssemblies (12ms)
			RefreshPlugins (0ms)
			BeforeProcessingInitializeOnLoad (167ms)
			ProcessInitializeOnLoadAttributes (678ms)
			ProcessInitializeOnLoadMethodAttributes (113ms)
			AfterProcessingInitializeOnLoad (18ms)
			EditorAssembliesLoaded (0ms)
		ExecutionOrderSort2 (0ms)
		AwakeInstancesAfterBackupRestoration (28ms)
Refreshing native plugins compatible for Editor in 17.93 ms, found 4 plugins.
Preloading 0 native plugins for Editor in 0.00 ms.
Unloading 5945 Unused Serialized files (Serialized files now loaded: 0)
Unloading 50 unused Assets / (322.8 KB). Loaded Objects now: 6713.
Memory consumption went from 219.1 MB to 218.8 MB.
Total: 20.137600 ms (FindLiveObjects: 1.169500 ms CreateObjectMapping: 0.523600 ms MarkObjects: 18.160100 ms  DeleteObjects: 0.281400 ms)

Prepare: number of updated asset objects reloaded= 0
AssetImportParameters requested are different than current active one (requested -> active):
  custom:container-demuxer-ogg: 62fdf1f143b41e24485cea50d1cbac27 -> 
  custom:video-codec-MediaFoundation-h265: 746d11721c4dcdbdad8f713fa42b33f4 -> 
  custom:video-decoder-ogg-theora: a1e56fd34408186e4bbccfd4996cb3dc -> 
  custom:framework-win-MediaFoundation: 216162199b28c13a410421893ffa2e32 -> 
  custom:CustomObjectIndexerAttribute: 72b91833f83ae208fae7752999fa3104 -> 
  custom:container-demuxer-webm: 4f35f7cbe854078d1ac9338744f61a02 -> 
  custom:container-muxer-webm: aa71ff27fc2769a1b78a27578f13a17b -> 
  custom:video-decoder-webm-vp8: 9c59270c3fd7afecdb556c50c9e8de78 -> 
  custom:SearchIndexIgnoredProperties: e643bd26f0fe6173181afceb89e7c659 -> 
  custom:AudioImporter_EditorPlatform: d09bf68614088b80899f8185d706f6e7 -> 
  custom:video-encoder-webm-vp8: eb34c28f22e8b96e1ab97ce403110664 -> 
  custom:audio-decoder-ogg-vorbis: bf7c407c2cedff20999df2af8eb42d56 -> 
  custom:audio-encoder-webm-vorbis: bf7c407c2cedff20999df2af8eb42d56 -> 
========================================================================
Received Import Request.
  Time since last request: 454.259632 seconds.
  path: Assets/Scenes/level212.unity
  artifactKey: Guid(2af16777b18aab049816fd95bac6fa72) Importer(815301076,1909f56bfc062723c751e8b465ee728b)
Start importing Assets/Scenes/level212.unity using Guid(2af16777b18aab049816fd95bac6fa72) Importer(815301076,1909f56bfc062723c751e8b465ee728b)  -> (artifact id: '90ae86b42517c4873296dc5d00cc4ee9') in 0.002891 seconds
Number of updated asset objects reloaded before import = 0
Number of asset objects unloaded after import = 0
========================================================================
Received Import Request.
  Time since last request: 183.989912 seconds.
  path: Assets/Scenes/level213.unity
  artifactKey: Guid(8449d646366a9d34b922a24df20ec978) Importer(815301076,1909f56bfc062723c751e8b465ee728b)
Start importing Assets/Scenes/level213.unity using Guid(8449d646366a9d34b922a24df20ec978) Importer(815301076,1909f56bfc062723c751e8b465ee728b)  -> (artifact id: '170afc82856628b560bb8dc72bd65512') in 0.000597 seconds
Number of updated asset objects reloaded before import = 0
Number of asset objects unloaded after import = 0
========================================================================
Received Import Request.
  Time since last request: 63.615760 seconds.
  path: Assets/Scenes/level213.unity
  artifactKey: Guid(8449d646366a9d34b922a24df20ec978) Importer(815301076,1909f56bfc062723c751e8b465ee728b)
Start importing Assets/Scenes/level213.unity using Guid(8449d646366a9d34b922a24df20ec978) Importer(815301076,1909f56bfc062723c751e8b465ee728b)  -> (artifact id: 'bf055a86bea89a6a2d309a9653dbbbca') in 0.000768 seconds
Number of updated asset objects reloaded before import = 0
Number of asset objects unloaded after import = 0
========================================================================
Received Import Request.
  Time since last request: 0.370181 seconds.
  path: Assets/Scenes/level214.unity
  artifactKey: Guid(1fb4c999b2549844b9ada8ec57fe1277) Importer(815301076,1909f56bfc062723c751e8b465ee728b)
Start importing Assets/Scenes/level214.unity using Guid(1fb4c999b2549844b9ada8ec57fe1277) Importer(815301076,1909f56bfc062723c751e8b465ee728b)  -> (artifact id: '062c1da8b344c79a0be06eb4e2658883') in 0.000554 seconds
Number of updated asset objects reloaded before import = 0
Number of asset objects unloaded after import = 0
========================================================================
Received Import Request.
  Time since last request: 20.434834 seconds.
  path: Assets/Scenes/level216.unity
  artifactKey: Guid(4f32e9fee4cb8d44aaac02dc83a74d13) Importer(815301076,1909f56bfc062723c751e8b465ee728b)
Start importing Assets/Scenes/level216.unity using Guid(4f32e9fee4cb8d44aaac02dc83a74d13) Importer(815301076,1909f56bfc062723c751e8b465ee728b)  -> (artifact id: '2a64b64db19935717cb3ee37d15b069a') in 0.000781 seconds
Number of updated asset objects reloaded before import = 0
Number of asset objects unloaded after import = 0
========================================================================
Received Prepare
Begin MonoManager ReloadAssembly
- Loaded All Assemblies, in  0.867 seconds
Refreshing native plugins compatible for Editor in 8.39 ms, found 4 plugins.
Native extension for WindowsStandalone target not found
Native extension for WebGL target not found
[Package Manager] Server::EnsureServerProcessIsRunning -- launch failed, reason: Unity was launched with the -noUpm command-line argument
[Package Manager] UpmClient::Send -- Unable to send message (not connected to UPM process).
[Package Manager] Cannot connect to Unity Package Manager local server
Mono: successfully reloaded assembly
- Finished resetting the current domain, in  3.605 seconds
Domain Reload Profiling: 4467ms
	BeginReloadAssembly (286ms)
		ExecutionOrderSort (0ms)
		DisableScriptedObjects (19ms)
		BackupInstance (0ms)
		ReleaseScriptingObjects (0ms)
		CreateAndSetChildDomain (60ms)
	RebuildCommonClasses (62ms)
	RebuildNativeTypeToScriptingClass (19ms)
	initialDomainReloadingComplete (58ms)
	LoadAllAssembliesAndSetupDomain (437ms)
		LoadAssemblies (568ms)
		RebuildTransferFunctionScriptingTraits (0ms)
		AnalyzeDomain (28ms)
			TypeCache.Refresh (8ms)
				TypeCache.ScanAssembly (0ms)
			ScanForSourceGeneratedMonoScriptInfo (0ms)
			ResolveRequiredComponents (19ms)
	FinalizeReload (3606ms)
		ReleaseScriptCaches (0ms)
		RebuildScriptCaches (0ms)
		SetupLoadedEditorAssemblies (928ms)
			LogAssemblyErrors (0ms)
			InitializePlatformSupportModulesInManaged (11ms)
			SetLoadedEditorAssemblies (7ms)
			RefreshPlugins (0ms)
			BeforeProcessingInitializeOnLoad (126ms)
			ProcessInitializeOnLoadAttributes (648ms)
			ProcessInitializeOnLoadMethodAttributes (120ms)
			AfterProcessingInitializeOnLoad (15ms)
			EditorAssembliesLoaded (1ms)
		ExecutionOrderSort2 (0ms)
		AwakeInstancesAfterBackupRestoration (22ms)
Refreshing native plugins compatible for Editor in 25.55 ms, found 4 plugins.
Preloading 0 native plugins for Editor in 0.00 ms.
Unloading 5945 Unused Serialized files (Serialized files now loaded: 0)
Unloading 50 unused Assets / (321.9 KB). Loaded Objects now: 6718.
Memory consumption went from 219.1 MB to 218.8 MB.
Total: 14.913900 ms (FindLiveObjects: 1.595200 ms CreateObjectMapping: 0.976900 ms MarkObjects: 12.025900 ms  DeleteObjects: 0.313100 ms)

Prepare: number of updated asset objects reloaded= 0
AssetImportParameters requested are different than current active one (requested -> active):
  custom:container-demuxer-ogg: 62fdf1f143b41e24485cea50d1cbac27 -> 
  custom:video-codec-MediaFoundation-h265: 746d11721c4dcdbdad8f713fa42b33f4 -> 
  custom:video-decoder-ogg-theora: a1e56fd34408186e4bbccfd4996cb3dc -> 
  custom:framework-win-MediaFoundation: 216162199b28c13a410421893ffa2e32 -> 
  custom:CustomObjectIndexerAttribute: 72b91833f83ae208fae7752999fa3104 -> 
  custom:container-demuxer-webm: 4f35f7cbe854078d1ac9338744f61a02 -> 
  custom:container-muxer-webm: aa71ff27fc2769a1b78a27578f13a17b -> 
  custom:video-decoder-webm-vp8: 9c59270c3fd7afecdb556c50c9e8de78 -> 
  custom:SearchIndexIgnoredProperties: e643bd26f0fe6173181afceb89e7c659 -> 
  custom:AudioImporter_EditorPlatform: d09bf68614088b80899f8185d706f6e7 -> 
  custom:video-encoder-webm-vp8: eb34c28f22e8b96e1ab97ce403110664 -> 
  custom:audio-decoder-ogg-vorbis: bf7c407c2cedff20999df2af8eb42d56 -> 
  custom:audio-encoder-webm-vorbis: bf7c407c2cedff20999df2af8eb42d56 -> 
========================================================================
Received Import Request.
  Time since last request: 105.078787 seconds.
  path: Assets/Scenes/level212.unity
  artifactKey: Guid(2af16777b18aab049816fd95bac6fa72) Importer(815301076,1909f56bfc062723c751e8b465ee728b)
Start importing Assets/Scenes/level212.unity using Guid(2af16777b18aab049816fd95bac6fa72) Importer(815301076,1909f56bfc062723c751e8b465ee728b)  -> (artifact id: '541b7df8b53759b168e33b1c41ee4fe7') in 0.002240 seconds
Number of updated asset objects reloaded before import = 0
Number of asset objects unloaded after import = 0
========================================================================
Received Import Request.
  Time since last request: 60.546431 seconds.
  path: Assets/Scenes/level213.unity
  artifactKey: Guid(8449d646366a9d34b922a24df20ec978) Importer(815301076,1909f56bfc062723c751e8b465ee728b)
Start importing Assets/Scenes/level213.unity using Guid(8449d646366a9d34b922a24df20ec978) Importer(815301076,1909f56bfc062723c751e8b465ee728b)  -> (artifact id: '8afa1c6801f90f766e3e9991f57b9cfe') in 0.000895 seconds
Number of updated asset objects reloaded before import = 0
Number of asset objects unloaded after import = 0
========================================================================
Received Import Request.
  Time since last request: 8.126731 seconds.
  path: Assets/Scenes/level216.unity
  artifactKey: Guid(4f32e9fee4cb8d44aaac02dc83a74d13) Importer(815301076,1909f56bfc062723c751e8b465ee728b)
Start importing Assets/Scenes/level216.unity using Guid(4f32e9fee4cb8d44aaac02dc83a74d13) Importer(815301076,1909f56bfc062723c751e8b465ee728b)  -> (artifact id: 'ced3ee36815e03dd3bf44858c2f728c4') in 0.000569 seconds
Number of updated asset objects reloaded before import = 0
Number of asset objects unloaded after import = 0
========================================================================
Received Import Request.
  Time since last request: 5.785350 seconds.
  path: Assets/Scenes/Scene 4.unity
  artifactKey: Guid(5768d65a2248cde47a6aa7c3e837e38e) Importer(815301076,1909f56bfc062723c751e8b465ee728b)
Start importing Assets/Scenes/Scene 4.unity using Guid(5768d65a2248cde47a6aa7c3e837e38e) Importer(815301076,1909f56bfc062723c751e8b465ee728b)  -> (artifact id: '0e95559450e888659d61c2f583ab899b') in 0.000920 seconds
Number of updated asset objects reloaded before import = 0
Number of asset objects unloaded after import = 0
