Using pre-set license
Built from '2022.3/staging' branch; Version is '2022.3.27f1 (73effa14754f) revision 7598074'; Using compiler version '192829333'; Build Type 'Release'
OS: 'Windows 11  (10.0.26100) 64bit CoreSingleLanguage' Language: 'en' Physical Memory: 15724 MB
BatchMode: 1, IsHumanControllingUs: 0, StartBugReporterOnCrash: 0, Is64bit: 1, IsPro: 1

COMMAND LINE ARGUMENTS:
C:\Program Files\Unity\Hub\Editor\2022.3.27f1\Editor\Unity.exe
-adb2
-batchMode
-noUpm
-name
AssetImportWorker0
-projectPath
E:/HollowKnightRemaster
-logFile
Logs/AssetImportWorker0.log
-srvPort
50890
Successfully changed project path to: E:/HollowKnightRemaster
E:/HollowKnightRemaster
[UnityMemory] Configuration Parameters - Can be set up in boot.config
    "memorysetup-bucket-allocator-granularity=16"
    "memorysetup-bucket-allocator-bucket-count=8"
    "memorysetup-bucket-allocator-block-size=33554432"
    "memorysetup-bucket-allocator-block-count=8"
    "memorysetup-main-allocator-block-size=16777216"
    "memorysetup-thread-allocator-block-size=16777216"
    "memorysetup-gfx-main-allocator-block-size=16777216"
    "memorysetup-gfx-thread-allocator-block-size=16777216"
    "memorysetup-cache-allocator-block-size=4194304"
    "memorysetup-typetree-allocator-block-size=2097152"
    "memorysetup-profiler-bucket-allocator-granularity=16"
    "memorysetup-profiler-bucket-allocator-bucket-count=8"
    "memorysetup-profiler-bucket-allocator-block-size=33554432"
    "memorysetup-profiler-bucket-allocator-block-count=8"
    "memorysetup-profiler-allocator-block-size=16777216"
    "memorysetup-profiler-editor-allocator-block-size=1048576"
    "memorysetup-temp-allocator-size-main=16777216"
    "memorysetup-job-temp-allocator-block-size=2097152"
    "memorysetup-job-temp-allocator-block-size-background=1048576"
    "memorysetup-job-temp-allocator-reduction-small-platforms=262144"
    "memorysetup-allocator-temp-initial-block-size-main=262144"
    "memorysetup-allocator-temp-initial-block-size-worker=262144"
    "memorysetup-temp-allocator-size-background-worker=32768"
    "memorysetup-temp-allocator-size-job-worker=262144"
    "memorysetup-temp-allocator-size-preload-manager=33554432"
    "memorysetup-temp-allocator-size-nav-mesh-worker=65536"
    "memorysetup-temp-allocator-size-audio-worker=65536"
    "memorysetup-temp-allocator-size-cloud-worker=32768"
    "memorysetup-temp-allocator-size-gi-baking-worker=262144"
    "memorysetup-temp-allocator-size-gfx=262144"
Player connection [24056] Host "[IP] 192.168.31.249 [Port] 0 [Flags] 2 [Guid] 812995680 [EditorId] 812995680 [Version] 1048832 [Id] WindowsEditor(7,LeiFeng) [Debug] 1 [PackageName] WindowsEditor [ProjectName] Editor" joined multi-casting on [225.0.0.222:54997]...

Player connection [24056] Host "[IP] 192.168.31.249 [Port] 0 [Flags] 2 [Guid] 812995680 [EditorId] 812995680 [Version] 1048832 [Id] WindowsEditor(7,LeiFeng) [Debug] 1 [PackageName] WindowsEditor [ProjectName] Editor" joined alternative multi-casting on [225.0.0.222:34997]...

[Physics::Module] Initialized MultithreadedJobDispatcher with 11 workers.
Refreshing native plugins compatible for Editor in 42.37 ms, found 4 plugins.
Preloading 0 native plugins for Editor in 0.00 ms.
Initialize engine version: 2022.3.27f1 (73effa14754f)
[Subsystems] Discovering subsystems at path C:/Program Files/Unity/Hub/Editor/2022.3.27f1/Editor/Data/Resources/UnitySubsystems
[Subsystems] Discovering subsystems at path E:/HollowKnightRemaster/Assets
GfxDevice: creating device client; threaded=0; jobified=0
Direct3D:
    Version:  Direct3D 11.0 [level 11.1]
    Renderer: NVIDIA GeForce GTX 1650 (ID=0x1f9d)
    Vendor:   NVIDIA
    VRAM:     3935 MB
    Driver:   32.0.15.7652
Initialize mono
Mono path[0] = 'C:/Program Files/Unity/Hub/Editor/2022.3.27f1/Editor/Data/Managed'
Mono path[1] = 'C:/Program Files/Unity/Hub/Editor/2022.3.27f1/Editor/Data/MonoBleedingEdge/lib/mono/unityjit-win32'
Mono config path = 'C:/Program Files/Unity/Hub/Editor/2022.3.27f1/Editor/Data/MonoBleedingEdge/etc'
Using monoOptions --debugger-agent=transport=dt_socket,embedding=1,server=y,suspend=n,address=127.0.0.1:56736
Begin MonoManager ReloadAssembly
Registering precompiled unity dll's ...
Register platform support module: C:/Program Files/Unity/Hub/Editor/2022.3.27f1/Editor/Data/PlaybackEngines/WebGLSupport/UnityEditor.WebGL.Extensions.dll
Register platform support module: C:/Program Files/Unity/Hub/Editor/2022.3.27f1/Editor/Data/PlaybackEngines/WindowsStandaloneSupport/UnityEditor.WindowsStandalone.Extensions.dll
Registered in 0.022527 seconds.
- Loaded All Assemblies, in  0.764 seconds
Native extension for WindowsStandalone target not found
Native extension for WebGL target not found
Mono: successfully reloaded assembly
- Finished resetting the current domain, in  0.534 seconds
Domain Reload Profiling: 1294ms
	BeginReloadAssembly (271ms)
		ExecutionOrderSort (0ms)
		DisableScriptedObjects (0ms)
		BackupInstance (0ms)
		ReleaseScriptingObjects (0ms)
		CreateAndSetChildDomain (1ms)
	RebuildCommonClasses (69ms)
	RebuildNativeTypeToScriptingClass (19ms)
	initialDomainReloadingComplete (119ms)
	LoadAllAssembliesAndSetupDomain (282ms)
		LoadAssemblies (265ms)
		RebuildTransferFunctionScriptingTraits (0ms)
		AnalyzeDomain (278ms)
			TypeCache.Refresh (275ms)
				TypeCache.ScanAssembly (252ms)
			ScanForSourceGeneratedMonoScriptInfo (1ms)
			ResolveRequiredComponents (1ms)
	FinalizeReload (534ms)
		ReleaseScriptCaches (0ms)
		RebuildScriptCaches (0ms)
		SetupLoadedEditorAssemblies (431ms)
			LogAssemblyErrors (0ms)
			InitializePlatformSupportModulesInManaged (19ms)
			SetLoadedEditorAssemblies (9ms)
			RefreshPlugins (0ms)
			BeforeProcessingInitializeOnLoad (4ms)
			ProcessInitializeOnLoadAttributes (304ms)
			ProcessInitializeOnLoadMethodAttributes (93ms)
			AfterProcessingInitializeOnLoad (0ms)
			EditorAssembliesLoaded (0ms)
		ExecutionOrderSort2 (0ms)
		AwakeInstancesAfterBackupRestoration (0ms)
========================================================================
Worker process is ready to serve import requests
Begin MonoManager ReloadAssembly
- Loaded All Assemblies, in  1.336 seconds
Refreshing native plugins compatible for Editor in 7.54 ms, found 4 plugins.
Native extension for WindowsStandalone target not found
Native extension for WebGL target not found
Package Manager log level set to [2]
[Package Manager] Server::EnsureServerProcessIsRunning -- launch failed, reason: Unity was launched with the -noUpm command-line argument
[Package Manager] UpmClient::Send -- Unable to send message (not connected to UPM process).
[Package Manager] Cannot connect to Unity Package Manager local server
Mono: successfully reloaded assembly
- Finished resetting the current domain, in  1.411 seconds
Domain Reload Profiling: 2743ms
	BeginReloadAssembly (239ms)
		ExecutionOrderSort (0ms)
		DisableScriptedObjects (10ms)
		BackupInstance (0ms)
		ReleaseScriptingObjects (0ms)
		CreateAndSetChildDomain (34ms)
	RebuildCommonClasses (59ms)
	RebuildNativeTypeToScriptingClass (21ms)
	initialDomainReloadingComplete (71ms)
	LoadAllAssembliesAndSetupDomain (941ms)
		LoadAssemblies (688ms)
		RebuildTransferFunctionScriptingTraits (0ms)
		AnalyzeDomain (388ms)
			TypeCache.Refresh (325ms)
				TypeCache.ScanAssembly (301ms)
			ScanForSourceGeneratedMonoScriptInfo (45ms)
			ResolveRequiredComponents (16ms)
	FinalizeReload (1412ms)
		ReleaseScriptCaches (0ms)
		RebuildScriptCaches (0ms)
		SetupLoadedEditorAssemblies (1125ms)
			LogAssemblyErrors (0ms)
			InitializePlatformSupportModulesInManaged (12ms)
			SetLoadedEditorAssemblies (7ms)
			RefreshPlugins (0ms)
			BeforeProcessingInitializeOnLoad (145ms)
			ProcessInitializeOnLoadAttributes (808ms)
			ProcessInitializeOnLoadMethodAttributes (137ms)
			AfterProcessingInitializeOnLoad (16ms)
			EditorAssembliesLoaded (0ms)
		ExecutionOrderSort2 (0ms)
		AwakeInstancesAfterBackupRestoration (11ms)
Launched and connected shader compiler UnityShaderCompiler.exe after 0.06 seconds
Refreshing native plugins compatible for Editor in 17.81 ms, found 4 plugins.
Preloading 0 native plugins for Editor in 0.00 ms.
Unloading 6113 Unused Serialized files (Serialized files now loaded: 0)
Unloading 93 unused Assets / (351.8 KB). Loaded Objects now: 6577.
Memory consumption went from 247.5 MB to 247.1 MB.
Total: 11.681700 ms (FindLiveObjects: 1.089400 ms CreateObjectMapping: 0.771600 ms MarkObjects: 9.439500 ms  DeleteObjects: 0.379700 ms)

AssetImportParameters requested are different than current active one (requested -> active):
  custom:container-demuxer-ogg: 62fdf1f143b41e24485cea50d1cbac27 -> 
  custom:video-codec-MediaFoundation-h265: 746d11721c4dcdbdad8f713fa42b33f4 -> 
  custom:video-decoder-ogg-theora: a1e56fd34408186e4bbccfd4996cb3dc -> 
  custom:framework-win-MediaFoundation: 216162199b28c13a410421893ffa2e32 -> 
  custom:CustomObjectIndexerAttribute: 72b91833f83ae208fae7752999fa3104 -> 
  custom:container-demuxer-webm: 4f35f7cbe854078d1ac9338744f61a02 -> 
  custom:container-muxer-webm: aa71ff27fc2769a1b78a27578f13a17b -> 
  custom:video-decoder-webm-vp8: 9c59270c3fd7afecdb556c50c9e8de78 -> 
  custom:SearchIndexIgnoredProperties: e643bd26f0fe6173181afceb89e7c659 -> 
  custom:AudioImporter_EditorPlatform: d09bf68614088b80899f8185d706f6e7 -> 
  custom:video-encoder-webm-vp8: eb34c28f22e8b96e1ab97ce403110664 -> 
  custom:audio-decoder-ogg-vorbis: bf7c407c2cedff20999df2af8eb42d56 -> 
  custom:audio-encoder-webm-vorbis: bf7c407c2cedff20999df2af8eb42d56 -> 
========================================================================
Received Import Request.
  Time since last request: 265573.317162 seconds.
  path: Assets/Audio/boss_gushing.wav
  artifactKey: Guid(aaf07a314f1ba5a4db06b40ae2a632a7) Importer(815301076,1909f56bfc062723c751e8b465ee728b)
Start importing Assets/Audio/boss_gushing.wav using Guid(aaf07a314f1ba5a4db06b40ae2a632a7) Importer(815301076,1909f56bfc062723c751e8b465ee728b)  -> (artifact id: '9ec214ed267d130e369b339c2c0e381c') in 0.213076 seconds
Number of updated asset objects reloaded before import = 0
Number of asset objects unloaded after import = 2
========================================================================
Received Import Request.
  Time since last request: 0.000039 seconds.
  path: Assets/Resources/Environments/Area specfic architecture/Forgotten Crossroads/cd_dead_guardians_01_0002_06.png
  artifactKey: Guid(fdbe3166617671145826cb83066c45ef) Importer(815301076,1909f56bfc062723c751e8b465ee728b)
Start importing Assets/Resources/Environments/Area specfic architecture/Forgotten Crossroads/cd_dead_guardians_01_0002_06.png using Guid(fdbe3166617671145826cb83066c45ef) Importer(815301076,1909f56bfc062723c751e8b465ee728b)  -> (artifact id: 'b4cb514d4ec73ef2038360be62b038b8') in 0.084270 seconds
Number of updated asset objects reloaded before import = 0
Number of asset objects unloaded after import = 3
========================================================================
Received Import Request.
  Time since last request: 1.047073 seconds.
  path: Assets/Resources/Decorations/figure.png
  artifactKey: Guid(2bb39546066944361abaca61a3232de4) Importer(815301076,1909f56bfc062723c751e8b465ee728b)
Start importing Assets/Resources/Decorations/figure.png using Guid(2bb39546066944361abaca61a3232de4) Importer(815301076,1909f56bfc062723c751e8b465ee728b)  -> (artifact id: 'f3af36e0d2ab34524459f2f4b1da7de3') in 0.034093 seconds
Number of updated asset objects reloaded before import = 0
Number of asset objects unloaded after import = 4
========================================================================
Received Import Request.
  Time since last request: 0.000026 seconds.
  path: Packages/com.unity.collab-proxy/Editor/PlasticSCM/Assets/Layouts/TeamEditionConfigurationWindow.uxml
  artifactKey: Guid(26d3a583da6079145a52a8bef4beb6c5) Importer(815301076,1909f56bfc062723c751e8b465ee728b)
Start importing Packages/com.unity.collab-proxy/Editor/PlasticSCM/Assets/Layouts/TeamEditionConfigurationWindow.uxml using Guid(26d3a583da6079145a52a8bef4beb6c5) Importer(815301076,1909f56bfc062723c751e8b465ee728b)  -> (artifact id: '8e57b521786fad3748019db1d36a46ed') in 0.014728 seconds
Number of updated asset objects reloaded before import = 0
Number of asset objects unloaded after import = 2
========================================================================
Received Import Request.
  Time since last request: 0.527825 seconds.
  path: Assets/Resources/Environments/Area specfic architecture/Forgotten Crossroads/guard_clubs.png
  artifactKey: Guid(133135ef12515ab4cab02b4626647eb6) Importer(815301076,1909f56bfc062723c751e8b465ee728b)
Start importing Assets/Resources/Environments/Area specfic architecture/Forgotten Crossroads/guard_clubs.png using Guid(133135ef12515ab4cab02b4626647eb6) Importer(815301076,1909f56bfc062723c751e8b465ee728b)  -> (artifact id: '9aac2991836c6be42ca7bc07a82eb1ad') in 0.029473 seconds
Number of updated asset objects reloaded before import = 0
Number of asset objects unloaded after import = 3
========================================================================
Received Import Request.
  Time since last request: 0.006922 seconds.
  path: Assets/Architecture & Environment/Area specfic architecture/Queen_s Gardens/guardian_bench.png
  artifactKey: Guid(9d9e27d15b0701f4c807064a7b95b71f) Importer(815301076,1909f56bfc062723c751e8b465ee728b)
Start importing Assets/Architecture & Environment/Area specfic architecture/Queen_s Gardens/guardian_bench.png using Guid(9d9e27d15b0701f4c807064a7b95b71f) Importer(815301076,1909f56bfc062723c751e8b465ee728b)  -> (artifact id: '54437b7f04cd7f901a75139815edbfc8') in 0.031247 seconds
Number of updated asset objects reloaded before import = 0
Number of asset objects unloaded after import = 3
========================================================================
Received Import Request.
  Time since last request: 1.508027 seconds.
  path: Assets/Resources/Environments/Area specfic architecture/Forgotten Crossroads/SpriteAtlasTexture-Guardhouse-1024x2048-fmt12.png
  artifactKey: Guid(96d86902a3324714a9eee909cc847c7f) Importer(815301076,1909f56bfc062723c751e8b465ee728b)
Start importing Assets/Resources/Environments/Area specfic architecture/Forgotten Crossroads/SpriteAtlasTexture-Guardhouse-1024x2048-fmt12.png using Guid(96d86902a3324714a9eee909cc847c7f) Importer(815301076,1909f56bfc062723c751e8b465ee728b)  -> (artifact id: '210a2a3ff51cf77a9cf88d26e875feba') in 0.030887 seconds
Number of updated asset objects reloaded before import = 0
Number of asset objects unloaded after import = 3
========================================================================
Received Import Request.
  Time since last request: 0.009457 seconds.
  path: Assets/Audio/zombie_guard_club_prepare.wav
  artifactKey: Guid(474b9b8e9d889974f9d1b0e60fe712c0) Importer(815301076,1909f56bfc062723c751e8b465ee728b)
Start importing Assets/Audio/zombie_guard_club_prepare.wav using Guid(474b9b8e9d889974f9d1b0e60fe712c0) Importer(815301076,1909f56bfc062723c751e8b465ee728b)  -> (artifact id: '3fa793bc8c09483d818161ccd8d91722') in 0.023149 seconds
Number of updated asset objects reloaded before import = 0
Number of asset objects unloaded after import = 2
========================================================================
Received Import Request.
  Time since last request: 0.000031 seconds.
  path: Assets/Audio/zombie_guard_club_prepare_3.wav
  artifactKey: Guid(2fb5b3861c741bb43b0bab97f9018ff6) Importer(815301076,1909f56bfc062723c751e8b465ee728b)
Start importing Assets/Audio/zombie_guard_club_prepare_3.wav using Guid(2fb5b3861c741bb43b0bab97f9018ff6) Importer(815301076,1909f56bfc062723c751e8b465ee728b)  -> (artifact id: 'd1855c0d7ad63ec486120cb6d62380af') in 0.026777 seconds
Number of updated asset objects reloaded before import = 0
Number of asset objects unloaded after import = 2
========================================================================
Received Import Request.
  Time since last request: 0.000031 seconds.
  path: Assets/Audio/zombie_guard_death.wav
  artifactKey: Guid(b66a25fc1f6b100418d38736b30f22ba) Importer(815301076,1909f56bfc062723c751e8b465ee728b)
Start importing Assets/Audio/zombie_guard_death.wav using Guid(b66a25fc1f6b100418d38736b30f22ba) Importer(815301076,1909f56bfc062723c751e8b465ee728b)  -> (artifact id: '3606fe2eef28c7995a77ca5759821d58') in 0.026695 seconds
Number of updated asset objects reloaded before import = 0
Number of asset objects unloaded after import = 2
========================================================================
Received Import Request.
  Time since last request: 28.736529 seconds.
  path: Assets/Architecture & Environment/Area specfic architecture/Howling Cliffs/BG_bug_corpse_01.png
  artifactKey: Guid(b84d1645533a50146ac47c09722d8494) Importer(815301076,1909f56bfc062723c751e8b465ee728b)
Start importing Assets/Architecture & Environment/Area specfic architecture/Howling Cliffs/BG_bug_corpse_01.png using Guid(b84d1645533a50146ac47c09722d8494) Importer(815301076,1909f56bfc062723c751e8b465ee728b)  -> (artifact id: 'd28466a181aa041db5a28d23e98a356e') in 0.024584 seconds
Number of updated asset objects reloaded before import = 0
Number of asset objects unloaded after import = 3
========================================================================
Received Import Request.
  Time since last request: 0.000020 seconds.
  path: Assets/Architecture & Environment/Area specfic architecture/City of Tears/Soul Sanctum/Corpse_Candle_0002_c.png
  artifactKey: Guid(d6e3ed5b056b3804581ae45f2f337985) Importer(815301076,1909f56bfc062723c751e8b465ee728b)
Start importing Assets/Architecture & Environment/Area specfic architecture/City of Tears/Soul Sanctum/Corpse_Candle_0002_c.png using Guid(d6e3ed5b056b3804581ae45f2f337985) Importer(815301076,1909f56bfc062723c751e8b465ee728b)  -> (artifact id: '91e097ef444f5987152437d3b7cc83d6') in 0.023981 seconds
Number of updated asset objects reloaded before import = 0
Number of asset objects unloaded after import = 3
========================================================================
Received Import Request.
  Time since last request: 0.000022 seconds.
  path: Assets/Resources/Environments/Area specfic architecture/City of Tears/Soul Sanctum/Corpse_Candle_0004_a.png
  artifactKey: Guid(bc562d3a87549d54c9483aab4e725bcc) Importer(815301076,1909f56bfc062723c751e8b465ee728b)
Start importing Assets/Resources/Environments/Area specfic architecture/City of Tears/Soul Sanctum/Corpse_Candle_0004_a.png using Guid(bc562d3a87549d54c9483aab4e725bcc) Importer(815301076,1909f56bfc062723c751e8b465ee728b)  -> (artifact id: 'a3ae6ebf1a7abbeada4ebd6dc34f3082') in 0.027653 seconds
Number of updated asset objects reloaded before import = 0
Number of asset objects unloaded after import = 3
========================================================================
Received Import Request.
  Time since last request: 0.000029 seconds.
  path: Assets/Architecture & Environment/Area specfic architecture/City of Tears/Soul Sanctum/Corpse_Candle_0010_b.png
  artifactKey: Guid(3b303fde2a6e2af43b1067234fdeed88) Importer(815301076,1909f56bfc062723c751e8b465ee728b)
Start importing Assets/Architecture & Environment/Area specfic architecture/City of Tears/Soul Sanctum/Corpse_Candle_0010_b.png using Guid(3b303fde2a6e2af43b1067234fdeed88) Importer(815301076,1909f56bfc062723c751e8b465ee728b)  -> (artifact id: 'e1df62a10a4a7910136a42d330a6c65e') in 0.036036 seconds
Number of updated asset objects reloaded before import = 0
Number of asset objects unloaded after import = 3
========================================================================
Received Import Request.
  Time since last request: 0.000030 seconds.
  path: Assets/Resources/Environments/Area specfic architecture/City of Tears/Soul Sanctum/Corpse_Candle_0011_b.png
  artifactKey: Guid(e69fd4fb32da32e42bd3eb5e5a1d2914) Importer(815301076,1909f56bfc062723c751e8b465ee728b)
Start importing Assets/Resources/Environments/Area specfic architecture/City of Tears/Soul Sanctum/Corpse_Candle_0011_b.png using Guid(e69fd4fb32da32e42bd3eb5e5a1d2914) Importer(815301076,1909f56bfc062723c751e8b465ee728b)  -> (artifact id: '00331aff50bab8d81341f020b3bbec45') in 0.036843 seconds
Number of updated asset objects reloaded before import = 0
Number of asset objects unloaded after import = 3
========================================================================
Received Import Request.
  Time since last request: 0.000036 seconds.
  path: Assets/Architecture & Environment/Area specfic architecture/Howling Cliffs/BG_bug_corpse_05.png
  artifactKey: Guid(b33ea1560db1ef7499a2bb1080fe644c) Importer(815301076,1909f56bfc062723c751e8b465ee728b)
Start importing Assets/Architecture & Environment/Area specfic architecture/Howling Cliffs/BG_bug_corpse_05.png using Guid(b33ea1560db1ef7499a2bb1080fe644c) Importer(815301076,1909f56bfc062723c751e8b465ee728b)  -> (artifact id: '77b53aee7da0a659611275ada03fd23d') in 0.043953 seconds
Number of updated asset objects reloaded before import = 0
Number of asset objects unloaded after import = 3
========================================================================
Received Import Request.
  Time since last request: 0.000031 seconds.
  path: Assets/Architecture & Environment/Area specfic architecture/City of Tears/Soul Sanctum/Corpse_Candle_0032_s.png
  artifactKey: Guid(0666766c04754614a9343dbf49d6cc91) Importer(815301076,1909f56bfc062723c751e8b465ee728b)
Start importing Assets/Architecture & Environment/Area specfic architecture/City of Tears/Soul Sanctum/Corpse_Candle_0032_s.png using Guid(0666766c04754614a9343dbf49d6cc91) Importer(815301076,1909f56bfc062723c751e8b465ee728b)  -> (artifact id: 'a9c89d76175984eeec7a32bde4f31493') in 0.037237 seconds
Number of updated asset objects reloaded before import = 0
Number of asset objects unloaded after import = 3
========================================================================
Received Import Request.
  Time since last request: 0.000033 seconds.
  path: Assets/Resources/Environments/Area specfic architecture/City of Tears/Soul Sanctum/Corpse_Candle_0002_c.png
  artifactKey: Guid(83a13969e0b4dac48953ce47ee9904c0) Importer(815301076,1909f56bfc062723c751e8b465ee728b)
Start importing Assets/Resources/Environments/Area specfic architecture/City of Tears/Soul Sanctum/Corpse_Candle_0002_c.png using Guid(83a13969e0b4dac48953ce47ee9904c0) Importer(815301076,1909f56bfc062723c751e8b465ee728b)  -> (artifact id: 'f168ed9e6beaf4c6a14d77abdf893fa0') in 0.032866 seconds
Number of updated asset objects reloaded before import = 0
Number of asset objects unloaded after import = 3
========================================================================
Received Import Request.
  Time since last request: 0.000028 seconds.
  path: Assets/Resources/Environments/Area specfic architecture/City of Tears/Soul Sanctum/Corpse_Candle_0005_a.png
  artifactKey: Guid(349cacf3027d4bd4cae5d93527578c95) Importer(815301076,1909f56bfc062723c751e8b465ee728b)
Start importing Assets/Resources/Environments/Area specfic architecture/City of Tears/Soul Sanctum/Corpse_Candle_0005_a.png using Guid(349cacf3027d4bd4cae5d93527578c95) Importer(815301076,1909f56bfc062723c751e8b465ee728b)  -> (artifact id: '8fe36c532b51cecfdec2c0cb58e03137') in 0.016522 seconds
Number of updated asset objects reloaded before import = 0
Number of asset objects unloaded after import = 3
========================================================================
Received Import Request.
  Time since last request: 1.638978 seconds.
  path: Assets/Resources/Environments/Area specfic architecture/City of Tears/Soul Sanctum/Corpse_Candle_0034_s.png
  artifactKey: Guid(5c15535335f090c47901aa90a08ae167) Importer(815301076,1909f56bfc062723c751e8b465ee728b)
Start importing Assets/Resources/Environments/Area specfic architecture/City of Tears/Soul Sanctum/Corpse_Candle_0034_s.png using Guid(5c15535335f090c47901aa90a08ae167) Importer(815301076,1909f56bfc062723c751e8b465ee728b)  -> (artifact id: '9e452beaf5208f3c5e6f64124b0852bb') in 0.023514 seconds
Number of updated asset objects reloaded before import = 0
Number of asset objects unloaded after import = 3
========================================================================
Received Import Request.
  Time since last request: 0.000032 seconds.
  path: Assets/Architecture & Environment/Area specfic architecture/City of Tears/Soul Sanctum/Corpse_Candle_0035_l.png
  artifactKey: Guid(c7c02df59a65c8c4183217f02ad00c5d) Importer(815301076,1909f56bfc062723c751e8b465ee728b)
Start importing Assets/Architecture & Environment/Area specfic architecture/City of Tears/Soul Sanctum/Corpse_Candle_0035_l.png using Guid(c7c02df59a65c8c4183217f02ad00c5d) Importer(815301076,1909f56bfc062723c751e8b465ee728b)  -> (artifact id: '436763008425dae882e23dbad9af0876') in 0.056239 seconds
Number of updated asset objects reloaded before import = 0
Number of asset objects unloaded after import = 3
========================================================================
Received Import Request.
  Time since last request: 0.000030 seconds.
  path: Assets/Resources/Environments/Area specfic architecture/City of Tears/Soul Sanctum/Corpse_Candle_0036_l.png
  artifactKey: Guid(aa01a17d87b7c324b8a3c05b53c148f7) Importer(815301076,1909f56bfc062723c751e8b465ee728b)
Start importing Assets/Resources/Environments/Area specfic architecture/City of Tears/Soul Sanctum/Corpse_Candle_0036_l.png using Guid(aa01a17d87b7c324b8a3c05b53c148f7) Importer(815301076,1909f56bfc062723c751e8b465ee728b)  -> (artifact id: '8cc7f0a358f96c0a91b1606c9c9cc59b') in 0.050608 seconds
Number of updated asset objects reloaded before import = 0
Number of asset objects unloaded after import = 3
========================================================================
Received Import Request.
  Time since last request: 0.000025 seconds.
  path: Assets/Resources/Environments/Area specfic architecture/City of Tears/Soul Sanctum/Corpse_Candle_0038_d.png
  artifactKey: Guid(03121181719aa0344b0e25bd998e79c5) Importer(815301076,1909f56bfc062723c751e8b465ee728b)
Start importing Assets/Resources/Environments/Area specfic architecture/City of Tears/Soul Sanctum/Corpse_Candle_0038_d.png using Guid(03121181719aa0344b0e25bd998e79c5) Importer(815301076,1909f56bfc062723c751e8b465ee728b)  -> (artifact id: '192d0f7406a3a7f5f12bd4988e8b6043') in 0.046034 seconds
Number of updated asset objects reloaded before import = 0
Number of asset objects unloaded after import = 3
========================================================================
Received Import Request.
  Time since last request: 0.278825 seconds.
  path: Assets/Resources/Environments/Area specfic architecture/City of Tears/Soul Sanctum/Corpse_Candle_0042_d.png
  artifactKey: Guid(b04140a7e01ad9349a28bb5bef88fa04) Importer(815301076,1909f56bfc062723c751e8b465ee728b)
Start importing Assets/Resources/Environments/Area specfic architecture/City of Tears/Soul Sanctum/Corpse_Candle_0042_d.png using Guid(b04140a7e01ad9349a28bb5bef88fa04) Importer(815301076,1909f56bfc062723c751e8b465ee728b)  -> (artifact id: 'df5cff086fd24481f530bc688e0e60b8') in 0.022319 seconds
Number of updated asset objects reloaded before import = 0
Number of asset objects unloaded after import = 3
========================================================================
Received Import Request.
  Time since last request: 0.000023 seconds.
  path: Assets/Resources/Environments/Area specfic architecture/City of Tears/corpse_set_01_0005_nail4-copy.png
  artifactKey: Guid(22357983b8292714faf86427be1bacdf) Importer(815301076,1909f56bfc062723c751e8b465ee728b)
Start importing Assets/Resources/Environments/Area specfic architecture/City of Tears/corpse_set_01_0005_nail4-copy.png using Guid(22357983b8292714faf86427be1bacdf) Importer(815301076,1909f56bfc062723c751e8b465ee728b)  -> (artifact id: '57d83ea8504b4a33db29692dedf8d5c0') in 0.023491 seconds
Number of updated asset objects reloaded before import = 0
Number of asset objects unloaded after import = 3
========================================================================
Received Import Request.
  Time since last request: 0.000023 seconds.
  path: Assets/Architecture & Environment/Area specfic architecture/City of Tears/corpse_set_01_0007_nail2-copy.png
  artifactKey: Guid(9c8a0069b0b09084aaf597e1d7025df4) Importer(815301076,1909f56bfc062723c751e8b465ee728b)
Start importing Assets/Architecture & Environment/Area specfic architecture/City of Tears/corpse_set_01_0007_nail2-copy.png using Guid(9c8a0069b0b09084aaf597e1d7025df4) Importer(815301076,1909f56bfc062723c751e8b465ee728b)  -> (artifact id: '7507996788921d60a78e0a960446e2e1') in 0.024711 seconds
Number of updated asset objects reloaded before import = 0
Number of asset objects unloaded after import = 3
========================================================================
Received Import Request.
  Time since last request: 0.000022 seconds.
  path: Assets/Resources/Environments/Area specfic architecture/City of Tears/corpse_set_01_0009_nail4.png
  artifactKey: Guid(80b2c4e3222072e4095ccfcd35e06b6d) Importer(815301076,1909f56bfc062723c751e8b465ee728b)
Start importing Assets/Resources/Environments/Area specfic architecture/City of Tears/corpse_set_01_0009_nail4.png using Guid(80b2c4e3222072e4095ccfcd35e06b6d) Importer(815301076,1909f56bfc062723c751e8b465ee728b)  -> (artifact id: '0b09cf0f9c7624fafd0fee48d639aa7b') in 0.023936 seconds
Number of updated asset objects reloaded before import = 0
Number of asset objects unloaded after import = 3
========================================================================
Received Import Request.
  Time since last request: 0.000029 seconds.
  path: Assets/Resources/Environments/Area specfic architecture/City of Tears/corpse_set_01_0008_nail1-copy.png
  artifactKey: Guid(61f22609d1d99474fa0681b4458ca42d) Importer(815301076,1909f56bfc062723c751e8b465ee728b)
Start importing Assets/Resources/Environments/Area specfic architecture/City of Tears/corpse_set_01_0008_nail1-copy.png using Guid(61f22609d1d99474fa0681b4458ca42d) Importer(815301076,1909f56bfc062723c751e8b465ee728b)  -> (artifact id: 'a56ccde3944ed059409b40b2837068cd') in 0.029214 seconds
Number of updated asset objects reloaded before import = 0
Number of asset objects unloaded after import = 3
========================================================================
Received Import Request.
  Time since last request: 0.000037 seconds.
  path: Assets/Architecture & Environment/Area specfic architecture/City of Tears/corpse_set_01_0008_nail1-copy.png
  artifactKey: Guid(c2fc804b2a6a43b46b892c15fc688b1c) Importer(815301076,1909f56bfc062723c751e8b465ee728b)
Start importing Assets/Architecture & Environment/Area specfic architecture/City of Tears/corpse_set_01_0008_nail1-copy.png using Guid(c2fc804b2a6a43b46b892c15fc688b1c) Importer(815301076,1909f56bfc062723c751e8b465ee728b)  -> (artifact id: 'ece5419178515abec9cb2c2dbdfd868e') in 0.022432 seconds
Number of updated asset objects reloaded before import = 0
Number of asset objects unloaded after import = 3
========================================================================
Received Import Request.
  Time since last request: 0.218239 seconds.
  path: Assets/Audio/kingdoms_edge_corpse_cave_in_loop.wav
  artifactKey: Guid(71dc5d303284c2b4b8cf100c24474a6f) Importer(815301076,1909f56bfc062723c751e8b465ee728b)
Start importing Assets/Audio/kingdoms_edge_corpse_cave_in_loop.wav using Guid(71dc5d303284c2b4b8cf100c24474a6f) Importer(815301076,1909f56bfc062723c751e8b465ee728b)  -> (artifact id: '2bd71d5ef1682a6491ba67125329f85f') in 0.018021 seconds
Number of updated asset objects reloaded before import = 0
Number of asset objects unloaded after import = 2
========================================================================
Received Import Request.
  Time since last request: 0.022369 seconds.
  path: Assets/Architecture & Environment/Tram & Stagways/tram_rg_corpses_0000_3.png
  artifactKey: Guid(b172ccd0c34c9684ab26962c447d73ae) Importer(815301076,1909f56bfc062723c751e8b465ee728b)
Start importing Assets/Architecture & Environment/Tram & Stagways/tram_rg_corpses_0000_3.png using Guid(b172ccd0c34c9684ab26962c447d73ae) Importer(815301076,1909f56bfc062723c751e8b465ee728b)  -> (artifact id: '185cc5e5a282d33f948d63b999c659dc') in 0.026773 seconds
Number of updated asset objects reloaded before import = 0
Number of asset objects unloaded after import = 3
Editor requested this worker to shutdown with reason: Scaling down because of idle timeout
TcpMessagingSession - receive error: operation aborted. errorcode: 995, details: The I/O operation has been aborted because of either a thread exit or an application request.
AssetImportWorker is now disconnected from the server
Process exiting
Exiting without the bug reporter. Application will terminate with return code 0