Using pre-set license
Built from '2022.3/staging' branch; Version is '2022.3.27f1 (73effa14754f) revision 7598074'; Using compiler version '192829333'; Build Type 'Release'
OS: 'Windows 11  (10.0.26100) 64bit CoreSingleLanguage' Language: 'en' Physical Memory: 15724 MB
BatchMode: 1, IsHumanControllingUs: 0, StartBugReporterOnCrash: 0, Is64bit: 1, IsPro: 1

COMMAND LINE ARGUMENTS:
C:\Program Files\Unity\Hub\Editor\2022.3.27f1\Editor\Unity.exe
-adb2
-batchMode
-noUpm
-name
AssetImportWorker1
-projectPath
E:/HollowKnightRemaster
-logFile
Logs/AssetImportWorker1.log
-srvPort
50890
Successfully changed project path to: E:/HollowKnightRemaster
E:/HollowKnightRemaster
[UnityMemory] Configuration Parameters - Can be set up in boot.config
    "memorysetup-bucket-allocator-granularity=16"
    "memorysetup-bucket-allocator-bucket-count=8"
    "memorysetup-bucket-allocator-block-size=33554432"
    "memorysetup-bucket-allocator-block-count=8"
    "memorysetup-main-allocator-block-size=16777216"
    "memorysetup-thread-allocator-block-size=16777216"
    "memorysetup-gfx-main-allocator-block-size=16777216"
    "memorysetup-gfx-thread-allocator-block-size=16777216"
    "memorysetup-cache-allocator-block-size=4194304"
    "memorysetup-typetree-allocator-block-size=2097152"
    "memorysetup-profiler-bucket-allocator-granularity=16"
    "memorysetup-profiler-bucket-allocator-bucket-count=8"
    "memorysetup-profiler-bucket-allocator-block-size=33554432"
    "memorysetup-profiler-bucket-allocator-block-count=8"
    "memorysetup-profiler-allocator-block-size=16777216"
    "memorysetup-profiler-editor-allocator-block-size=1048576"
    "memorysetup-temp-allocator-size-main=16777216"
    "memorysetup-job-temp-allocator-block-size=2097152"
    "memorysetup-job-temp-allocator-block-size-background=1048576"
    "memorysetup-job-temp-allocator-reduction-small-platforms=262144"
    "memorysetup-allocator-temp-initial-block-size-main=262144"
    "memorysetup-allocator-temp-initial-block-size-worker=262144"
    "memorysetup-temp-allocator-size-background-worker=32768"
    "memorysetup-temp-allocator-size-job-worker=262144"
    "memorysetup-temp-allocator-size-preload-manager=33554432"
    "memorysetup-temp-allocator-size-nav-mesh-worker=65536"
    "memorysetup-temp-allocator-size-audio-worker=65536"
    "memorysetup-temp-allocator-size-cloud-worker=32768"
    "memorysetup-temp-allocator-size-gi-baking-worker=262144"
    "memorysetup-temp-allocator-size-gfx=262144"
Player connection [28388] Host "[IP] 192.168.31.249 [Port] 0 [Flags] 2 [Guid] 1118786490 [EditorId] 1118786490 [Version] 1048832 [Id] WindowsEditor(7,LeiFeng) [Debug] 1 [PackageName] WindowsEditor [ProjectName] Editor" joined multi-casting on [225.0.0.222:54997]...

Player connection [28388] Host "[IP] 192.168.31.249 [Port] 0 [Flags] 2 [Guid] 1118786490 [EditorId] 1118786490 [Version] 1048832 [Id] WindowsEditor(7,LeiFeng) [Debug] 1 [PackageName] WindowsEditor [ProjectName] Editor" joined alternative multi-casting on [225.0.0.222:34997]...

[Physics::Module] Initialized MultithreadedJobDispatcher with 11 workers.
Refreshing native plugins compatible for Editor in 41.53 ms, found 4 plugins.
Preloading 0 native plugins for Editor in 0.00 ms.
Initialize engine version: 2022.3.27f1 (73effa14754f)
[Subsystems] Discovering subsystems at path C:/Program Files/Unity/Hub/Editor/2022.3.27f1/Editor/Data/Resources/UnitySubsystems
[Subsystems] Discovering subsystems at path E:/HollowKnightRemaster/Assets
GfxDevice: creating device client; threaded=0; jobified=0
Direct3D:
    Version:  Direct3D 11.0 [level 11.1]
    Renderer: NVIDIA GeForce GTX 1650 (ID=0x1f9d)
    Vendor:   NVIDIA
    VRAM:     3935 MB
    Driver:   32.0.15.7652
Initialize mono
Mono path[0] = 'C:/Program Files/Unity/Hub/Editor/2022.3.27f1/Editor/Data/Managed'
Mono path[1] = 'C:/Program Files/Unity/Hub/Editor/2022.3.27f1/Editor/Data/MonoBleedingEdge/lib/mono/unityjit-win32'
Mono config path = 'C:/Program Files/Unity/Hub/Editor/2022.3.27f1/Editor/Data/MonoBleedingEdge/etc'
Using monoOptions --debugger-agent=transport=dt_socket,embedding=1,server=y,suspend=n,address=127.0.0.1:56096
Begin MonoManager ReloadAssembly
Registering precompiled unity dll's ...
Register platform support module: C:/Program Files/Unity/Hub/Editor/2022.3.27f1/Editor/Data/PlaybackEngines/WebGLSupport/UnityEditor.WebGL.Extensions.dll
Register platform support module: C:/Program Files/Unity/Hub/Editor/2022.3.27f1/Editor/Data/PlaybackEngines/WindowsStandaloneSupport/UnityEditor.WindowsStandalone.Extensions.dll
Registered in 0.021836 seconds.
- Loaded All Assemblies, in  0.760 seconds
Native extension for WindowsStandalone target not found
Native extension for WebGL target not found
Mono: successfully reloaded assembly
- Finished resetting the current domain, in  0.525 seconds
Domain Reload Profiling: 1281ms
	BeginReloadAssembly (269ms)
		ExecutionOrderSort (0ms)
		DisableScriptedObjects (0ms)
		BackupInstance (0ms)
		ReleaseScriptingObjects (0ms)
		CreateAndSetChildDomain (1ms)
	RebuildCommonClasses (65ms)
	RebuildNativeTypeToScriptingClass (21ms)
	initialDomainReloadingComplete (124ms)
	LoadAllAssembliesAndSetupDomain (276ms)
		LoadAssemblies (264ms)
		RebuildTransferFunctionScriptingTraits (0ms)
		AnalyzeDomain (273ms)
			TypeCache.Refresh (271ms)
				TypeCache.ScanAssembly (249ms)
			ScanForSourceGeneratedMonoScriptInfo (0ms)
			ResolveRequiredComponents (1ms)
	FinalizeReload (526ms)
		ReleaseScriptCaches (0ms)
		RebuildScriptCaches (0ms)
		SetupLoadedEditorAssemblies (418ms)
			LogAssemblyErrors (0ms)
			InitializePlatformSupportModulesInManaged (17ms)
			SetLoadedEditorAssemblies (8ms)
			RefreshPlugins (0ms)
			BeforeProcessingInitializeOnLoad (3ms)
			ProcessInitializeOnLoadAttributes (298ms)
			ProcessInitializeOnLoadMethodAttributes (92ms)
			AfterProcessingInitializeOnLoad (0ms)
			EditorAssembliesLoaded (0ms)
		ExecutionOrderSort2 (0ms)
		AwakeInstancesAfterBackupRestoration (0ms)
========================================================================
Worker process is ready to serve import requests
Begin MonoManager ReloadAssembly
- Loaded All Assemblies, in  1.348 seconds
Refreshing native plugins compatible for Editor in 8.47 ms, found 4 plugins.
Native extension for WindowsStandalone target not found
Native extension for WebGL target not found
Package Manager log level set to [2]
[Package Manager] Server::EnsureServerProcessIsRunning -- launch failed, reason: Unity was launched with the -noUpm command-line argument
[Package Manager] UpmClient::Send -- Unable to send message (not connected to UPM process).
[Package Manager] Cannot connect to Unity Package Manager local server
Mono: successfully reloaded assembly
- Finished resetting the current domain, in  1.406 seconds
Domain Reload Profiling: 2750ms
	BeginReloadAssembly (265ms)
		ExecutionOrderSort (0ms)
		DisableScriptedObjects (9ms)
		BackupInstance (0ms)
		ReleaseScriptingObjects (0ms)
		CreateAndSetChildDomain (39ms)
	RebuildCommonClasses (58ms)
	RebuildNativeTypeToScriptingClass (16ms)
	initialDomainReloadingComplete (70ms)
	LoadAllAssembliesAndSetupDomain (934ms)
		LoadAssemblies (680ms)
		RebuildTransferFunctionScriptingTraits (0ms)
		AnalyzeDomain (405ms)
			TypeCache.Refresh (340ms)
				TypeCache.ScanAssembly (315ms)
			ScanForSourceGeneratedMonoScriptInfo (46ms)
			ResolveRequiredComponents (18ms)
	FinalizeReload (1407ms)
		ReleaseScriptCaches (0ms)
		RebuildScriptCaches (0ms)
		SetupLoadedEditorAssemblies (1129ms)
			LogAssemblyErrors (0ms)
			InitializePlatformSupportModulesInManaged (13ms)
			SetLoadedEditorAssemblies (7ms)
			RefreshPlugins (0ms)
			BeforeProcessingInitializeOnLoad (148ms)
			ProcessInitializeOnLoadAttributes (809ms)
			ProcessInitializeOnLoadMethodAttributes (138ms)
			AfterProcessingInitializeOnLoad (14ms)
			EditorAssembliesLoaded (0ms)
		ExecutionOrderSort2 (0ms)
		AwakeInstancesAfterBackupRestoration (11ms)
Launched and connected shader compiler UnityShaderCompiler.exe after 0.08 seconds
Refreshing native plugins compatible for Editor in 16.28 ms, found 4 plugins.
Preloading 0 native plugins for Editor in 0.00 ms.
Unloading 6113 Unused Serialized files (Serialized files now loaded: 0)
Unloading 93 unused Assets / (353.2 KB). Loaded Objects now: 6577.
Memory consumption went from 247.3 MB to 246.9 MB.
Total: 13.143000 ms (FindLiveObjects: 1.161300 ms CreateObjectMapping: 0.589400 ms MarkObjects: 10.533900 ms  DeleteObjects: 0.856400 ms)

AssetImportParameters requested are different than current active one (requested -> active):
  custom:container-demuxer-ogg: 62fdf1f143b41e24485cea50d1cbac27 -> 
  custom:video-codec-MediaFoundation-h265: 746d11721c4dcdbdad8f713fa42b33f4 -> 
  custom:video-decoder-ogg-theora: a1e56fd34408186e4bbccfd4996cb3dc -> 
  custom:framework-win-MediaFoundation: 216162199b28c13a410421893ffa2e32 -> 
  custom:CustomObjectIndexerAttribute: 72b91833f83ae208fae7752999fa3104 -> 
  custom:container-demuxer-webm: 4f35f7cbe854078d1ac9338744f61a02 -> 
  custom:container-muxer-webm: aa71ff27fc2769a1b78a27578f13a17b -> 
  custom:video-decoder-webm-vp8: 9c59270c3fd7afecdb556c50c9e8de78 -> 
  custom:SearchIndexIgnoredProperties: e643bd26f0fe6173181afceb89e7c659 -> 
  custom:AudioImporter_EditorPlatform: d09bf68614088b80899f8185d706f6e7 -> 
  custom:video-encoder-webm-vp8: eb34c28f22e8b96e1ab97ce403110664 -> 
  custom:audio-decoder-ogg-vorbis: bf7c407c2cedff20999df2af8eb42d56 -> 
  custom:audio-encoder-webm-vorbis: bf7c407c2cedff20999df2af8eb42d56 -> 
========================================================================
Received Import Request.
  Time since last request: 265558.069499 seconds.
  path: Assets/Scenes/In-Build/level212.unity
  artifactKey: Guid(2af16777b18aab049816fd95bac6fa72) Importer(815301076,1909f56bfc062723c751e8b465ee728b)
Start importing Assets/Scenes/In-Build/level212.unity using Guid(2af16777b18aab049816fd95bac6fa72) Importer(815301076,1909f56bfc062723c751e8b465ee728b)  -> (artifact id: 'cc33b3a47c371c8f59dada37e5f22d0d') in 0.006856 seconds
Number of updated asset objects reloaded before import = 0
Number of asset objects unloaded after import = 0
========================================================================
Received Import Request.
  Time since last request: 15.201062 seconds.
  path: Assets/Resources/Environments/Area specfic architecture/Forgotten Crossroads/cd_dead_guardians_01_0000_08.png
  artifactKey: Guid(1ed4f7ee4fe1c5a40a76cdff64283217) Importer(815301076,1909f56bfc062723c751e8b465ee728b)
Start importing Assets/Resources/Environments/Area specfic architecture/Forgotten Crossroads/cd_dead_guardians_01_0000_08.png using Guid(1ed4f7ee4fe1c5a40a76cdff64283217) Importer(815301076,1909f56bfc062723c751e8b465ee728b)  -> (artifact id: 'd4d2444e62b0ec754f867df66633c0e9') in 0.192182 seconds
Number of updated asset objects reloaded before import = 0
Number of asset objects unloaded after import = 3
========================================================================
Received Import Request.
  Time since last request: 0.000055 seconds.
  path: Assets/Resources/Environments/Area specfic architecture/Forgotten Crossroads/cd_dead_guardians_01_0001_07.png
  artifactKey: Guid(13e0a9b1c296e7645b8d034e92167d5f) Importer(815301076,1909f56bfc062723c751e8b465ee728b)
Start importing Assets/Resources/Environments/Area specfic architecture/Forgotten Crossroads/cd_dead_guardians_01_0001_07.png using Guid(13e0a9b1c296e7645b8d034e92167d5f) Importer(815301076,1909f56bfc062723c751e8b465ee728b)  -> (artifact id: 'b6b66cf5ede72e02a6b91f26aa7cd300') in 0.042806 seconds
Number of updated asset objects reloaded before import = 0
Number of asset objects unloaded after import = 3
========================================================================
Received Import Request.
  Time since last request: 1.093480 seconds.
  path: Packages/com.unity.collab-proxy/Editor/PlasticSCM/Assets/Styles/TeamEditionConfigurationWindow.uss
  artifactKey: Guid(1cd69f37df825af4385cd9efe745fc30) Importer(815301076,1909f56bfc062723c751e8b465ee728b)
Start importing Packages/com.unity.collab-proxy/Editor/PlasticSCM/Assets/Styles/TeamEditionConfigurationWindow.uss using Guid(1cd69f37df825af4385cd9efe745fc30) Importer(815301076,1909f56bfc062723c751e8b465ee728b)  -> (artifact id: '62f64490136c8784be80fc10bf8622c7') in 0.026271 seconds
Number of updated asset objects reloaded before import = 0
Number of asset objects unloaded after import = 2
========================================================================
Received Import Request.
  Time since last request: 2.180686 seconds.
  path: Assets/Audio/zombie_guard_awake.wav
  artifactKey: Guid(714ae56ec487cc84db8150382a359782) Importer(815301076,1909f56bfc062723c751e8b465ee728b)
Start importing Assets/Audio/zombie_guard_awake.wav using Guid(714ae56ec487cc84db8150382a359782) Importer(815301076,1909f56bfc062723c751e8b465ee728b)  -> (artifact id: '7e815ed70dc0b7f265e333e3d1020241') in 0.060538 seconds
Number of updated asset objects reloaded before import = 0
Number of asset objects unloaded after import = 2
========================================================================
Received Import Request.
  Time since last request: 0.000028 seconds.
  path: Assets/Audio/zombie_guard_club_prepare_2.wav
  artifactKey: Guid(a16e0379f95f21643a7db3029ac3439c) Importer(815301076,1909f56bfc062723c751e8b465ee728b)
Start importing Assets/Audio/zombie_guard_club_prepare_2.wav using Guid(a16e0379f95f21643a7db3029ac3439c) Importer(815301076,1909f56bfc062723c751e8b465ee728b)  -> (artifact id: '5aa0b7eb0202a95b8d2e2328b5b02d78') in 0.031025 seconds
Number of updated asset objects reloaded before import = 0
Number of asset objects unloaded after import = 2
========================================================================
Received Import Request.
  Time since last request: 0.000032 seconds.
  path: Assets/Audio/zombie_guard_club.wav
  artifactKey: Guid(06f104f2f065b04429b93e1ef52f6db8) Importer(815301076,1909f56bfc062723c751e8b465ee728b)
Start importing Assets/Audio/zombie_guard_club.wav using Guid(06f104f2f065b04429b93e1ef52f6db8) Importer(815301076,1909f56bfc062723c751e8b465ee728b)  -> (artifact id: '4cd47788ca468ad44960bef39cb5630d') in 0.023820 seconds
Number of updated asset objects reloaded before import = 0
Number of asset objects unloaded after import = 2
========================================================================
Received Import Request.
  Time since last request: 0.000036 seconds.
  path: Assets/Audio/zombie_guard_footstep.wav
  artifactKey: Guid(227ecc5d0d24ee44ba5816afb6d3f94e) Importer(815301076,1909f56bfc062723c751e8b465ee728b)
Start importing Assets/Audio/zombie_guard_footstep.wav using Guid(227ecc5d0d24ee44ba5816afb6d3f94e) Importer(815301076,1909f56bfc062723c751e8b465ee728b)  -> (artifact id: 'addb0e4b53eefc9b6ce5696e83ecbe08') in 0.026520 seconds
Number of updated asset objects reloaded before import = 0
Number of asset objects unloaded after import = 2
========================================================================
Received Import Request.
  Time since last request: 28.713863 seconds.
  path: Assets/Resources/Environments/Area specfic architecture/Howling Cliffs/BG_bug_corpse_03.png
  artifactKey: Guid(ff1471fe5b91e8c429012af2b8ec85c2) Importer(815301076,1909f56bfc062723c751e8b465ee728b)
Start importing Assets/Resources/Environments/Area specfic architecture/Howling Cliffs/BG_bug_corpse_03.png using Guid(ff1471fe5b91e8c429012af2b8ec85c2) Importer(815301076,1909f56bfc062723c751e8b465ee728b)  -> (artifact id: '3cefc0e73ddc532eb8e5f4f1fe0bf22c') in 0.024440 seconds
Number of updated asset objects reloaded before import = 0
Number of asset objects unloaded after import = 3
========================================================================
Received Import Request.
  Time since last request: 0.000019 seconds.
  path: Assets/Architecture & Environment/Area specfic architecture/City of Tears/Soul Sanctum/Corpse_Candle_0003_c.png
  artifactKey: Guid(a7d7c432f327f9c4cb35b68cae34ba1d) Importer(815301076,1909f56bfc062723c751e8b465ee728b)
Start importing Assets/Architecture & Environment/Area specfic architecture/City of Tears/Soul Sanctum/Corpse_Candle_0003_c.png using Guid(a7d7c432f327f9c4cb35b68cae34ba1d) Importer(815301076,1909f56bfc062723c751e8b465ee728b)  -> (artifact id: 'da388d625a08b79e431e84b67d0437e6') in 0.028383 seconds
Number of updated asset objects reloaded before import = 0
Number of asset objects unloaded after import = 3
========================================================================
Received Import Request.
  Time since last request: 0.000033 seconds.
  path: Assets/Resources/Environments/Area specfic architecture/Howling Cliffs/BG_bug_corpse_05.png
  artifactKey: Guid(e830854150ba0c8409bd3eb95b3c3810) Importer(815301076,1909f56bfc062723c751e8b465ee728b)
Start importing Assets/Resources/Environments/Area specfic architecture/Howling Cliffs/BG_bug_corpse_05.png using Guid(e830854150ba0c8409bd3eb95b3c3810) Importer(815301076,1909f56bfc062723c751e8b465ee728b)  -> (artifact id: 'b9bff97e1930deadda9a4219d3d0e0ac') in 0.027324 seconds
Number of updated asset objects reloaded before import = 0
Number of asset objects unloaded after import = 3
========================================================================
Received Import Request.
  Time since last request: 0.000022 seconds.
  path: Assets/Architecture & Environment/Area specfic architecture/City of Tears/Soul Sanctum/Corpse_Candle_0031_s.png
  artifactKey: Guid(e4487df2de23a63468e7d09df19ed947) Importer(815301076,1909f56bfc062723c751e8b465ee728b)
Start importing Assets/Architecture & Environment/Area specfic architecture/City of Tears/Soul Sanctum/Corpse_Candle_0031_s.png using Guid(e4487df2de23a63468e7d09df19ed947) Importer(815301076,1909f56bfc062723c751e8b465ee728b)  -> (artifact id: '9a868e6ae3a51cd27918a299387be498') in 0.031916 seconds
Number of updated asset objects reloaded before import = 0
Number of asset objects unloaded after import = 3
========================================================================
Received Import Request.
  Time since last request: 0.000026 seconds.
  path: Assets/Architecture & Environment/Area specfic architecture/City of Tears/Soul Sanctum/Corpse_Candle_0007_a.png
  artifactKey: Guid(89f370314ffd5e74a8182185a4bd2ed0) Importer(815301076,1909f56bfc062723c751e8b465ee728b)
Start importing Assets/Architecture & Environment/Area specfic architecture/City of Tears/Soul Sanctum/Corpse_Candle_0007_a.png using Guid(89f370314ffd5e74a8182185a4bd2ed0) Importer(815301076,1909f56bfc062723c751e8b465ee728b)  -> (artifact id: '6ee3b1aecbdc89abdac45997a962db68') in 0.032368 seconds
Number of updated asset objects reloaded before import = 0
Number of asset objects unloaded after import = 3
========================================================================
Received Import Request.
  Time since last request: 0.000034 seconds.
  path: Assets/Resources/Environments/Area specfic architecture/City of Tears/Soul Sanctum/Corpse_Candle_0007_a.png
  artifactKey: Guid(1ded42c23e8243b41a5e99fc0914b9d9) Importer(815301076,1909f56bfc062723c751e8b465ee728b)
Start importing Assets/Resources/Environments/Area specfic architecture/City of Tears/Soul Sanctum/Corpse_Candle_0007_a.png using Guid(1ded42c23e8243b41a5e99fc0914b9d9) Importer(815301076,1909f56bfc062723c751e8b465ee728b)  -> (artifact id: 'f519d33e40902cdb568e0328de699561') in 0.032474 seconds
Number of updated asset objects reloaded before import = 0
Number of asset objects unloaded after import = 3
========================================================================
Received Import Request.
  Time since last request: 0.000064 seconds.
  path: Assets/Architecture & Environment/Area specfic architecture/City of Tears/Soul Sanctum/Corpse_Candle_0005_a.png
  artifactKey: Guid(e2f86a7cfbb1c2147b153c4afad35ffd) Importer(815301076,1909f56bfc062723c751e8b465ee728b)
Start importing Assets/Architecture & Environment/Area specfic architecture/City of Tears/Soul Sanctum/Corpse_Candle_0005_a.png using Guid(e2f86a7cfbb1c2147b153c4afad35ffd) Importer(815301076,1909f56bfc062723c751e8b465ee728b)  -> (artifact id: '38dedf7d20b2515acd6d8b2f33ddbc05') in 0.041163 seconds
Number of updated asset objects reloaded before import = 0
Number of asset objects unloaded after import = 3
========================================================================
Received Import Request.
  Time since last request: 0.000028 seconds.
  path: Assets/Resources/Environments/Area specfic architecture/City of Tears/Soul Sanctum/Corpse_Candle_0031_s.png
  artifactKey: Guid(0d19977f0b8fed7478075e3487b8eb84) Importer(815301076,1909f56bfc062723c751e8b465ee728b)
Start importing Assets/Resources/Environments/Area specfic architecture/City of Tears/Soul Sanctum/Corpse_Candle_0031_s.png using Guid(0d19977f0b8fed7478075e3487b8eb84) Importer(815301076,1909f56bfc062723c751e8b465ee728b)  -> (artifact id: 'a59bde7dd465490ebfafe10738e0d1f1') in 0.032600 seconds
Number of updated asset objects reloaded before import = 0
Number of asset objects unloaded after import = 3
========================================================================
Received Import Request.
  Time since last request: 0.000037 seconds.
  path: Assets/Architecture & Environment/Area specfic architecture/City of Tears/Soul Sanctum/Corpse_Candle_0004_a.png
  artifactKey: Guid(b0673005f0eec15438720b96684f5f24) Importer(815301076,1909f56bfc062723c751e8b465ee728b)
Start importing Assets/Architecture & Environment/Area specfic architecture/City of Tears/Soul Sanctum/Corpse_Candle_0004_a.png using Guid(b0673005f0eec15438720b96684f5f24) Importer(815301076,1909f56bfc062723c751e8b465ee728b)  -> (artifact id: '8a2e85d35a972c72f4471cc8daf89015') in 0.022163 seconds
Number of updated asset objects reloaded before import = 0
Number of asset objects unloaded after import = 3
========================================================================
Received Import Request.
  Time since last request: 0.000023 seconds.
  path: Assets/Architecture & Environment/Area specfic architecture/City of Tears/Soul Sanctum/Corpse_Candle_0006_a.png
  artifactKey: Guid(30b166638229c8c4db8db99c7dbed71c) Importer(815301076,1909f56bfc062723c751e8b465ee728b)
Start importing Assets/Architecture & Environment/Area specfic architecture/City of Tears/Soul Sanctum/Corpse_Candle_0006_a.png using Guid(30b166638229c8c4db8db99c7dbed71c) Importer(815301076,1909f56bfc062723c751e8b465ee728b)  -> (artifact id: 'dedb94f6371d853eb61d72cbc7f79e51') in 0.017452 seconds
Number of updated asset objects reloaded before import = 0
Number of asset objects unloaded after import = 3
========================================================================
Received Import Request.
  Time since last request: 1.606796 seconds.
  path: Assets/Architecture & Environment/Area specfic architecture/City of Tears/Soul Sanctum/Corpse_Candle_0034_s.png
  artifactKey: Guid(a52430656123a0c478ca075c01c48b53) Importer(815301076,1909f56bfc062723c751e8b465ee728b)
Start importing Assets/Architecture & Environment/Area specfic architecture/City of Tears/Soul Sanctum/Corpse_Candle_0034_s.png using Guid(a52430656123a0c478ca075c01c48b53) Importer(815301076,1909f56bfc062723c751e8b465ee728b)  -> (artifact id: '7102cf784ba1efa0ef45dba108fa6427') in 0.023376 seconds
Number of updated asset objects reloaded before import = 0
Number of asset objects unloaded after import = 3
========================================================================
Received Import Request.
  Time since last request: 0.000028 seconds.
  path: Assets/Resources/Environments/Area specfic architecture/City of Tears/Soul Sanctum/Corpse_Candle_0035_l.png
  artifactKey: Guid(bc0ede7dcdbcf1843be1123b4b8705f9) Importer(815301076,1909f56bfc062723c751e8b465ee728b)
Start importing Assets/Resources/Environments/Area specfic architecture/City of Tears/Soul Sanctum/Corpse_Candle_0035_l.png using Guid(bc0ede7dcdbcf1843be1123b4b8705f9) Importer(815301076,1909f56bfc062723c751e8b465ee728b)  -> (artifact id: '0dda1f8ed055f62eb0bfd3f10ad81987') in 0.028944 seconds
Number of updated asset objects reloaded before import = 0
Number of asset objects unloaded after import = 3
========================================================================
Received Import Request.
  Time since last request: 0.000030 seconds.
  path: Assets/Resources/Environments/Area specfic architecture/City of Tears/Soul Sanctum/Corpse_Candle_0037_l.png
  artifactKey: Guid(25ad01a0ca73f6a4bb3e1e47672c62fc) Importer(815301076,1909f56bfc062723c751e8b465ee728b)
Start importing Assets/Resources/Environments/Area specfic architecture/City of Tears/Soul Sanctum/Corpse_Candle_0037_l.png using Guid(25ad01a0ca73f6a4bb3e1e47672c62fc) Importer(815301076,1909f56bfc062723c751e8b465ee728b)  -> (artifact id: 'e935ec192e726b90f87f7c064bd2ee26') in 0.052797 seconds
Number of updated asset objects reloaded before import = 0
Number of asset objects unloaded after import = 3
========================================================================
Received Import Request.
  Time since last request: 0.000038 seconds.
  path: Assets/Architecture & Environment/Area specfic architecture/City of Tears/Soul Sanctum/Corpse_Candle_0040_b.png
  artifactKey: Guid(eaff748def403f14a835bd3b651b2c8a) Importer(815301076,1909f56bfc062723c751e8b465ee728b)
Start importing Assets/Architecture & Environment/Area specfic architecture/City of Tears/Soul Sanctum/Corpse_Candle_0040_b.png using Guid(eaff748def403f14a835bd3b651b2c8a) Importer(815301076,1909f56bfc062723c751e8b465ee728b)  -> (artifact id: '3eda8681610c782c56336825321bba55') in 0.044010 seconds
Number of updated asset objects reloaded before import = 0
Number of asset objects unloaded after import = 3
========================================================================
Received Import Request.
  Time since last request: 0.000022 seconds.
  path: Assets/Resources/Environments/Area specfic architecture/City of Tears/Soul Sanctum/Corpse_Candle_0040_b.png
  artifactKey: Guid(7ee34b9605e77af4da60e643ea410038) Importer(815301076,1909f56bfc062723c751e8b465ee728b)
Start importing Assets/Resources/Environments/Area specfic architecture/City of Tears/Soul Sanctum/Corpse_Candle_0040_b.png using Guid(7ee34b9605e77af4da60e643ea410038) Importer(815301076,1909f56bfc062723c751e8b465ee728b)  -> (artifact id: '10342336a0bf73cd32819b54db15a124') in 0.035811 seconds
Number of updated asset objects reloaded before import = 0
Number of asset objects unloaded after import = 3
========================================================================
Received Import Request.
  Time since last request: 0.263923 seconds.
  path: Assets/Architecture & Environment/Area specfic architecture/City of Tears/Soul Sanctum/Corpse_Candle_0043_d.png
  artifactKey: Guid(0822cfa3f0c14fc44a8c69d5beafbcf6) Importer(815301076,1909f56bfc062723c751e8b465ee728b)
Start importing Assets/Architecture & Environment/Area specfic architecture/City of Tears/Soul Sanctum/Corpse_Candle_0043_d.png using Guid(0822cfa3f0c14fc44a8c69d5beafbcf6) Importer(815301076,1909f56bfc062723c751e8b465ee728b)  -> (artifact id: '5f8df77237fd0cf06f4e785747072f8b') in 0.023043 seconds
Number of updated asset objects reloaded before import = 0
Number of asset objects unloaded after import = 3
========================================================================
Received Import Request.
  Time since last request: 0.000023 seconds.
  path: Assets/Resources/Environments/Area specfic architecture/City of Tears/Soul Sanctum/Corpse_Candle_0043_d.png
  artifactKey: Guid(9f6ea7704c28dea4e857cb8c4023199d) Importer(815301076,1909f56bfc062723c751e8b465ee728b)
Start importing Assets/Resources/Environments/Area specfic architecture/City of Tears/Soul Sanctum/Corpse_Candle_0043_d.png using Guid(9f6ea7704c28dea4e857cb8c4023199d) Importer(815301076,1909f56bfc062723c751e8b465ee728b)  -> (artifact id: 'b0005dfcb6c59e4eb27ce55a01412843') in 0.021820 seconds
Number of updated asset objects reloaded before import = 0
Number of asset objects unloaded after import = 3
========================================================================
Received Import Request.
  Time since last request: 0.000028 seconds.
  path: Assets/Resources/Environments/Area specfic architecture/City of Tears/corpse_set_01_0008_nail1-copy_large.png
  artifactKey: Guid(ff8a7aa51dcf3574b85a11101090c0bc) Importer(815301076,1909f56bfc062723c751e8b465ee728b)
Start importing Assets/Resources/Environments/Area specfic architecture/City of Tears/corpse_set_01_0008_nail1-copy_large.png using Guid(ff8a7aa51dcf3574b85a11101090c0bc) Importer(815301076,1909f56bfc062723c751e8b465ee728b)  -> (artifact id: '71fd3cc3f8b53cf92b774b70e0317353') in 0.025203 seconds
Number of updated asset objects reloaded before import = 0
Number of asset objects unloaded after import = 3
========================================================================
Received Import Request.
  Time since last request: 0.000034 seconds.
  path: Assets/Resources/Environments/Area specfic architecture/City of Tears/corpse_set_01_0012_nail1.png
  artifactKey: Guid(2eac42efb22926244ab9feb5f3af3a6a) Importer(815301076,1909f56bfc062723c751e8b465ee728b)
Start importing Assets/Resources/Environments/Area specfic architecture/City of Tears/corpse_set_01_0012_nail1.png using Guid(2eac42efb22926244ab9feb5f3af3a6a) Importer(815301076,1909f56bfc062723c751e8b465ee728b)  -> (artifact id: '7340db6321fc09dde3c336670fbb8277') in 0.031483 seconds
Number of updated asset objects reloaded before import = 0
Number of asset objects unloaded after import = 3
========================================================================
Received Import Request.
  Time since last request: 0.000029 seconds.
  path: Assets/Resources/Environments/Area specfic architecture/City of Tears/corpse_set_01_0007_nail2-copy.png
  artifactKey: Guid(42e179be2574a6c4c8d5e244a5a4e138) Importer(815301076,1909f56bfc062723c751e8b465ee728b)
Start importing Assets/Resources/Environments/Area specfic architecture/City of Tears/corpse_set_01_0007_nail2-copy.png using Guid(42e179be2574a6c4c8d5e244a5a4e138) Importer(815301076,1909f56bfc062723c751e8b465ee728b)  -> (artifact id: 'f3ec369d78fc2dd3156c9dc355445e34') in 0.030051 seconds
Number of updated asset objects reloaded before import = 0
Number of asset objects unloaded after import = 3
========================================================================
Received Import Request.
  Time since last request: 0.000022 seconds.
  path: Assets/Architecture & Environment/Area specfic architecture/City of Tears/corpse_set_01_0012_nail1.png
  artifactKey: Guid(0422b0494f6a20b448c11193710caceb) Importer(815301076,1909f56bfc062723c751e8b465ee728b)
Start importing Assets/Architecture & Environment/Area specfic architecture/City of Tears/corpse_set_01_0012_nail1.png using Guid(0422b0494f6a20b448c11193710caceb) Importer(815301076,1909f56bfc062723c751e8b465ee728b)  -> (artifact id: '8af8895ea47095b5cd46726576efdb13') in 0.023071 seconds
Number of updated asset objects reloaded before import = 0
Number of asset objects unloaded after import = 3
========================================================================
Received Import Request.
  Time since last request: 0.276161 seconds.
  path: Assets/texture2D/white_corpse_single.png
  artifactKey: Guid(670c085eafcb53e4c88dc8f9b0c555f0) Importer(815301076,1909f56bfc062723c751e8b465ee728b)
Start importing Assets/texture2D/white_corpse_single.png using Guid(670c085eafcb53e4c88dc8f9b0c555f0) Importer(815301076,1909f56bfc062723c751e8b465ee728b)  -> (artifact id: '18bbbce7f6c1a5c8693c9ff3dd6cba63') in 0.031995 seconds
Number of updated asset objects reloaded before import = 0
Number of asset objects unloaded after import = 3
========================================================================
Received Import Request.
  Time since last request: 978.762831 seconds.
  path: Assets/Resources/Environments/Grass & Vines/fungd_vine_11_0003_Layer-4.png
  artifactKey: Guid(4cf1b5ef7781b9b4981bed25d87de4dc) Importer(815301076,1909f56bfc062723c751e8b465ee728b)
Start importing Assets/Resources/Environments/Grass & Vines/fungd_vine_11_0003_Layer-4.png using Guid(4cf1b5ef7781b9b4981bed25d87de4dc) Importer(815301076,1909f56bfc062723c751e8b465ee728b)  -> (artifact id: 'f27859a38f7254150de5b78756e1e0e8') in 0.041656 seconds
Number of updated asset objects reloaded before import = 0
Number of asset objects unloaded after import = 3
========================================================================
Received Import Request.
  Time since last request: 0.000039 seconds.
  path: Assets/Architecture & Environment/Grass & Vines/fungd_vine_11_0005_Layer-3.png
  artifactKey: Guid(e4c2d07a7665928429a201ac44da80ef) Importer(815301076,1909f56bfc062723c751e8b465ee728b)
Start importing Assets/Architecture & Environment/Grass & Vines/fungd_vine_11_0005_Layer-3.png using Guid(e4c2d07a7665928429a201ac44da80ef) Importer(815301076,1909f56bfc062723c751e8b465ee728b)  -> (artifact id: '4a259935ffe90b5d24258537518024d8') in 0.044527 seconds
Number of updated asset objects reloaded before import = 0
Number of asset objects unloaded after import = 3
========================================================================
Received Import Request.
  Time since last request: 0.001402 seconds.
  path: Assets/Resources/Environments/Grass & Vines/fungd_vine_11_0005_Layer-3.png
  artifactKey: Guid(bee1e63492d6a2943b590629c3e50ea5) Importer(815301076,1909f56bfc062723c751e8b465ee728b)
Start importing Assets/Resources/Environments/Grass & Vines/fungd_vine_11_0005_Layer-3.png using Guid(bee1e63492d6a2943b590629c3e50ea5) Importer(815301076,1909f56bfc062723c751e8b465ee728b)  -> (artifact id: 'd23e6af8bd0b7a5b0d19bd2eb46e1053') in 0.046624 seconds
Number of updated asset objects reloaded before import = 0
Number of asset objects unloaded after import = 3
========================================================================
Received Import Request.
  Time since last request: 13.023039 seconds.
  path: Assets/Architecture & Environment/Grass & Vines/fungd_vine_13_0000_Layer-1.png
  artifactKey: Guid(db7fe894a3b9e324695f4620198e9f78) Importer(815301076,1909f56bfc062723c751e8b465ee728b)
Start importing Assets/Architecture & Environment/Grass & Vines/fungd_vine_13_0000_Layer-1.png using Guid(db7fe894a3b9e324695f4620198e9f78) Importer(815301076,1909f56bfc062723c751e8b465ee728b)  -> (artifact id: '899863f3b11a8382a6135442429bb21d') in 0.024221 seconds
Number of updated asset objects reloaded before import = 0
Number of asset objects unloaded after import = 3
========================================================================
Received Import Request.
  Time since last request: 0.000024 seconds.
  path: Assets/Architecture & Environment/Grass & Vines/grass1_idle_00000.png
  artifactKey: Guid(9a2979aba6db439488fce15a99e460fd) Importer(815301076,1909f56bfc062723c751e8b465ee728b)
Start importing Assets/Architecture & Environment/Grass & Vines/grass1_idle_00000.png using Guid(9a2979aba6db439488fce15a99e460fd) Importer(815301076,1909f56bfc062723c751e8b465ee728b)  -> (artifact id: 'f323d77c0491d7102dcb9acd22c4f027') in 0.033916 seconds
Number of updated asset objects reloaded before import = 0
Number of asset objects unloaded after import = 3
========================================================================
Received Import Request.
  Time since last request: 0.000026 seconds.
  path: Assets/Architecture & Environment/Grass & Vines/grass1_idle_00006.png
  artifactKey: Guid(0164cb24aae7f444299d04e380221d8d) Importer(815301076,1909f56bfc062723c751e8b465ee728b)
Start importing Assets/Architecture & Environment/Grass & Vines/grass1_idle_00006.png using Guid(0164cb24aae7f444299d04e380221d8d) Importer(815301076,1909f56bfc062723c751e8b465ee728b)  -> (artifact id: '830f32a384f258f856a76a0e72b4af3d') in 0.031620 seconds
Number of updated asset objects reloaded before import = 0
Number of asset objects unloaded after import = 3
========================================================================
Received Import Request.
  Time since last request: 0.000031 seconds.
  path: Assets/Architecture & Environment/Grass & Vines/grass3_idle_00007.png
  artifactKey: Guid(534714ba65d22c644b333c638449045b) Importer(815301076,1909f56bfc062723c751e8b465ee728b)
Start importing Assets/Architecture & Environment/Grass & Vines/grass3_idle_00007.png using Guid(534714ba65d22c644b333c638449045b) Importer(815301076,1909f56bfc062723c751e8b465ee728b)  -> (artifact id: '5283f9ae3268402ddef7813d6b7b6812') in 0.032009 seconds
Number of updated asset objects reloaded before import = 0
Number of asset objects unloaded after import = 3
========================================================================
Received Import Request.
  Time since last request: 0.000038 seconds.
  path: Assets/Architecture & Environment/Grass & Vines/grass4_idle_00007.png
  artifactKey: Guid(2bc3bce68c2a4834aabbb0440ab0a5ca) Importer(815301076,1909f56bfc062723c751e8b465ee728b)
Start importing Assets/Architecture & Environment/Grass & Vines/grass4_idle_00007.png using Guid(2bc3bce68c2a4834aabbb0440ab0a5ca) Importer(815301076,1909f56bfc062723c751e8b465ee728b)  -> (artifact id: '402559f6bd8cd763e47ab387d54e8a2d') in 0.031219 seconds
Number of updated asset objects reloaded before import = 0
Number of asset objects unloaded after import = 3
========================================================================
Received Import Request.
  Time since last request: 0.000024 seconds.
  path: Assets/Architecture & Environment/Grass & Vines/grass4_idle_00017.png
  artifactKey: Guid(fd3387fcfc349a64d964a1e243658771) Importer(815301076,1909f56bfc062723c751e8b465ee728b)
Start importing Assets/Architecture & Environment/Grass & Vines/grass4_idle_00017.png using Guid(fd3387fcfc349a64d964a1e243658771) Importer(815301076,1909f56bfc062723c751e8b465ee728b)  -> (artifact id: '753a8c53d094cf210759e39d388f7cbe') in 0.031897 seconds
Number of updated asset objects reloaded before import = 0
Number of asset objects unloaded after import = 3
========================================================================
Received Import Request.
  Time since last request: 0.000025 seconds.
  path: Assets/Architecture & Environment/Grass & Vines/grass_01_death_00001.png
  artifactKey: Guid(a91a28d7b5582ca4cb1c3a2a3f67650e) Importer(815301076,1909f56bfc062723c751e8b465ee728b)
Start importing Assets/Architecture & Environment/Grass & Vines/grass_01_death_00001.png using Guid(a91a28d7b5582ca4cb1c3a2a3f67650e) Importer(815301076,1909f56bfc062723c751e8b465ee728b)  -> (artifact id: 'f2fd0ea9b56ca767bc9779b61fe5ea2c') in 0.157301 seconds
Number of updated asset objects reloaded before import = 0
Number of asset objects unloaded after import = 3
========================================================================
Received Import Request.
  Time since last request: 0.000025 seconds.
  path: Assets/Architecture & Environment/Grass & Vines/grass_01_idle0015.png
  artifactKey: Guid(d1ac233d3f4add6489f941eab9513609) Importer(815301076,1909f56bfc062723c751e8b465ee728b)
Start importing Assets/Architecture & Environment/Grass & Vines/grass_01_idle0015.png using Guid(d1ac233d3f4add6489f941eab9513609) Importer(815301076,1909f56bfc062723c751e8b465ee728b)  -> (artifact id: '554f4bb940164c704ca2ad85618d3c65') in 0.024665 seconds
Number of updated asset objects reloaded before import = 0
Number of asset objects unloaded after import = 3
========================================================================
Received Import Request.
  Time since last request: 0.000035 seconds.
  path: Assets/Architecture & Environment/Grass & Vines/grass3_idle_00000.png
  artifactKey: Guid(547bf379c7fdd6e449a5ba2cede4e942) Importer(815301076,1909f56bfc062723c751e8b465ee728b)
Start importing Assets/Architecture & Environment/Grass & Vines/grass3_idle_00000.png using Guid(547bf379c7fdd6e449a5ba2cede4e942) Importer(815301076,1909f56bfc062723c751e8b465ee728b)  -> (artifact id: 'acf060f3248a26dabdc45fe68280a035') in 0.028161 seconds
Number of updated asset objects reloaded before import = 0
Number of asset objects unloaded after import = 3
========================================================================
Received Import Request.
  Time since last request: 0.000036 seconds.
  path: Assets/Architecture & Environment/Grass & Vines/grass5_idle_00023.png
  artifactKey: Guid(3edcedda7a923d646950996cc2cfbaa9) Importer(815301076,1909f56bfc062723c751e8b465ee728b)
Start importing Assets/Architecture & Environment/Grass & Vines/grass5_idle_00023.png using Guid(3edcedda7a923d646950996cc2cfbaa9) Importer(815301076,1909f56bfc062723c751e8b465ee728b)  -> (artifact id: 'fe74344482e03f57874437a31da58def') in 0.031160 seconds
Number of updated asset objects reloaded before import = 0
Number of asset objects unloaded after import = 3
========================================================================
Received Import Request.
  Time since last request: 47.692807 seconds.
  path: Assets/Resources/Environments/Grass & Vines/fungd_vine_13_0000_Layer-1.png
  artifactKey: Guid(0b112176dda446f49831d53d5c0b8447) Importer(815301076,1909f56bfc062723c751e8b465ee728b)
Start importing Assets/Resources/Environments/Grass & Vines/fungd_vine_13_0000_Layer-1.png using Guid(0b112176dda446f49831d53d5c0b8447) Importer(815301076,1909f56bfc062723c751e8b465ee728b)  -> (artifact id: 'a2a8e6a7a7ae1d861295ede1c66ae2b9') in 0.025222 seconds
Number of updated asset objects reloaded before import = 0
Number of asset objects unloaded after import = 3
========================================================================
Received Import Request.
  Time since last request: 166.941765 seconds.
  path: Assets/Resources/Environments/Area specfic architecture/White Palace/green_path_butterfly_particle.png
  artifactKey: Guid(4799bf0e38cf40d41bc8023904dacea6) Importer(815301076,1909f56bfc062723c751e8b465ee728b)
Start importing Assets/Resources/Environments/Area specfic architecture/White Palace/green_path_butterfly_particle.png using Guid(4799bf0e38cf40d41bc8023904dacea6) Importer(815301076,1909f56bfc062723c751e8b465ee728b)  -> (artifact id: 'f641ec21c3c065d322a0d59966fb0375') in 0.030024 seconds
Number of updated asset objects reloaded before import = 0
Number of asset objects unloaded after import = 3
========================================================================
Received Import Request.
  Time since last request: 30.663189 seconds.
  path: Assets/Resources/Environments/Area specfic architecture/City of Tears/_0081_fountain.png
  artifactKey: Guid(bd49988a83d5eec479fa10a9237c793f) Importer(815301076,1909f56bfc062723c751e8b465ee728b)
Start importing Assets/Resources/Environments/Area specfic architecture/City of Tears/_0081_fountain.png using Guid(bd49988a83d5eec479fa10a9237c793f) Importer(815301076,1909f56bfc062723c751e8b465ee728b)  -> (artifact id: '0cec41e1d3a44251bbf2f9dc8010f7c3') in 0.027665 seconds
Number of updated asset objects reloaded before import = 0
Number of asset objects unloaded after import = 3
========================================================================
Received Import Request.
  Time since last request: 0.000020 seconds.
  path: Assets/Architecture & Environment/Area specfic architecture/City of Tears/_0082_fountain.png
  artifactKey: Guid(aad528604f7df35488ce3cefb1311bf7) Importer(815301076,1909f56bfc062723c751e8b465ee728b)
Start importing Assets/Architecture & Environment/Area specfic architecture/City of Tears/_0082_fountain.png using Guid(aad528604f7df35488ce3cefb1311bf7) Importer(815301076,1909f56bfc062723c751e8b465ee728b)  -> (artifact id: '1ed3ad6466bf730416b11973724a6255') in 0.030012 seconds
Number of updated asset objects reloaded before import = 0
Number of asset objects unloaded after import = 3
========================================================================
Received Import Request.
  Time since last request: 0.000034 seconds.
  path: Assets/Resources/Environments/Area specfic architecture/City of Tears/_0092_fountain.png
  artifactKey: Guid(5a0d8d6555a3c32478eef3f25f486161) Importer(815301076,1909f56bfc062723c751e8b465ee728b)
Start importing Assets/Resources/Environments/Area specfic architecture/City of Tears/_0092_fountain.png using Guid(5a0d8d6555a3c32478eef3f25f486161) Importer(815301076,1909f56bfc062723c751e8b465ee728b)  -> (artifact id: '62a40a117a69e7b1f78381be91dbb455') in 0.032702 seconds
Number of updated asset objects reloaded before import = 0
Number of asset objects unloaded after import = 3
========================================================================
Received Import Request.
  Time since last request: 0.000025 seconds.
  path: Assets/Resources/Environments/Area specfic architecture/City of Tears/_0083_fountain.png
  artifactKey: Guid(c03256b2c83badf4fb4111d4b066f1db) Importer(815301076,1909f56bfc062723c751e8b465ee728b)
Start importing Assets/Resources/Environments/Area specfic architecture/City of Tears/_0083_fountain.png using Guid(c03256b2c83badf4fb4111d4b066f1db) Importer(815301076,1909f56bfc062723c751e8b465ee728b)  -> (artifact id: 'b8719c4bae639eb3c760e8a691c2ce7c') in 0.027930 seconds
Number of updated asset objects reloaded before import = 0
Number of asset objects unloaded after import = 3
========================================================================
Received Import Request.
  Time since last request: 0.000029 seconds.
  path: Assets/Architecture & Environment/Area specfic architecture/City of Tears/_0084_fountain.png
  artifactKey: Guid(62fe0239caf75a64c952dee38727a2a2) Importer(815301076,1909f56bfc062723c751e8b465ee728b)
Start importing Assets/Architecture & Environment/Area specfic architecture/City of Tears/_0084_fountain.png using Guid(62fe0239caf75a64c952dee38727a2a2) Importer(815301076,1909f56bfc062723c751e8b465ee728b)  -> (artifact id: '75c6ed6eb1e97d54e937b23e3e1f33a0') in 0.027730 seconds
Number of updated asset objects reloaded before import = 0
Number of asset objects unloaded after import = 3
Editor requested this worker to shutdown with reason: Scaling down because of idle timeout
TcpMessagingSession - receive error: operation aborted. errorcode: 995, details: The I/O operation has been aborted because of either a thread exit or an application request.
AssetImportWorker is now disconnected from the server
Process exiting
Exiting without the bug reporter. Application will terminate with return code 0