Using pre-set license
Built from '2022.3/staging' branch; Version is '2022.3.27f1 (73effa14754f) revision 7598074'; Using compiler version '192829333'; Build Type 'Release'
OS: 'Windows 11  (10.0.26100) 64bit CoreSingleLanguage' Language: 'en' Physical Memory: 15724 MB
BatchMode: 1, IsHumanControllingUs: 0, StartBugReporterOnCrash: 0, Is64bit: 1, IsPro: 1

COMMAND LINE ARGUMENTS:
C:\Program Files\Unity\Hub\Editor\2022.3.27f1\Editor\Unity.exe
-adb2
-batchMode
-noUpm
-name
AssetImportWorker3
-projectPath
E:/HollowKnightRemaster
-logFile
Logs/AssetImportWorker3.log
-srvPort
50890
Successfully changed project path to: E:/HollowKnightRemaster
E:/HollowKnightRemaster
[UnityMemory] Configuration Parameters - Can be set up in boot.config
    "memorysetup-bucket-allocator-granularity=16"
    "memorysetup-bucket-allocator-bucket-count=8"
    "memorysetup-bucket-allocator-block-size=33554432"
    "memorysetup-bucket-allocator-block-count=8"
    "memorysetup-main-allocator-block-size=16777216"
    "memorysetup-thread-allocator-block-size=16777216"
    "memorysetup-gfx-main-allocator-block-size=16777216"
    "memorysetup-gfx-thread-allocator-block-size=16777216"
    "memorysetup-cache-allocator-block-size=4194304"
    "memorysetup-typetree-allocator-block-size=2097152"
    "memorysetup-profiler-bucket-allocator-granularity=16"
    "memorysetup-profiler-bucket-allocator-bucket-count=8"
    "memorysetup-profiler-bucket-allocator-block-size=33554432"
    "memorysetup-profiler-bucket-allocator-block-count=8"
    "memorysetup-profiler-allocator-block-size=16777216"
    "memorysetup-profiler-editor-allocator-block-size=1048576"
    "memorysetup-temp-allocator-size-main=16777216"
    "memorysetup-job-temp-allocator-block-size=2097152"
    "memorysetup-job-temp-allocator-block-size-background=1048576"
    "memorysetup-job-temp-allocator-reduction-small-platforms=262144"
    "memorysetup-allocator-temp-initial-block-size-main=262144"
    "memorysetup-allocator-temp-initial-block-size-worker=262144"
    "memorysetup-temp-allocator-size-background-worker=32768"
    "memorysetup-temp-allocator-size-job-worker=262144"
    "memorysetup-temp-allocator-size-preload-manager=33554432"
    "memorysetup-temp-allocator-size-nav-mesh-worker=65536"
    "memorysetup-temp-allocator-size-audio-worker=65536"
    "memorysetup-temp-allocator-size-cloud-worker=32768"
    "memorysetup-temp-allocator-size-gi-baking-worker=262144"
    "memorysetup-temp-allocator-size-gfx=262144"
Player connection [26264] Host "[IP] 192.168.31.249 [Port] 0 [Flags] 2 [Guid] 2414695451 [EditorId] 2414695451 [Version] 1048832 [Id] WindowsEditor(7,LeiFeng) [Debug] 1 [PackageName] WindowsEditor [ProjectName] Editor" joined multi-casting on [225.0.0.222:54997]...

Player connection [26264] Host "[IP] 192.168.31.249 [Port] 0 [Flags] 2 [Guid] 2414695451 [EditorId] 2414695451 [Version] 1048832 [Id] WindowsEditor(7,LeiFeng) [Debug] 1 [PackageName] WindowsEditor [ProjectName] Editor" joined alternative multi-casting on [225.0.0.222:34997]...

[Physics::Module] Initialized MultithreadedJobDispatcher with 11 workers.
Refreshing native plugins compatible for Editor in 20.41 ms, found 4 plugins.
Preloading 0 native plugins for Editor in 0.00 ms.
Initialize engine version: 2022.3.27f1 (73effa14754f)
[Subsystems] Discovering subsystems at path C:/Program Files/Unity/Hub/Editor/2022.3.27f1/Editor/Data/Resources/UnitySubsystems
[Subsystems] Discovering subsystems at path E:/HollowKnightRemaster/Assets
GfxDevice: creating device client; threaded=0; jobified=0
Direct3D:
    Version:  Direct3D 11.0 [level 11.1]
    Renderer: NVIDIA GeForce GTX 1650 (ID=0x1f9d)
    Vendor:   NVIDIA
    VRAM:     3935 MB
    Driver:   32.0.15.7652
Initialize mono
Mono path[0] = 'C:/Program Files/Unity/Hub/Editor/2022.3.27f1/Editor/Data/Managed'
Mono path[1] = 'C:/Program Files/Unity/Hub/Editor/2022.3.27f1/Editor/Data/MonoBleedingEdge/lib/mono/unityjit-win32'
Mono config path = 'C:/Program Files/Unity/Hub/Editor/2022.3.27f1/Editor/Data/MonoBleedingEdge/etc'
Using monoOptions --debugger-agent=transport=dt_socket,embedding=1,server=y,suspend=n,address=127.0.0.1:56372
Begin MonoManager ReloadAssembly
Registering precompiled unity dll's ...
Register platform support module: C:/Program Files/Unity/Hub/Editor/2022.3.27f1/Editor/Data/PlaybackEngines/WebGLSupport/UnityEditor.WebGL.Extensions.dll
Register platform support module: C:/Program Files/Unity/Hub/Editor/2022.3.27f1/Editor/Data/PlaybackEngines/WindowsStandaloneSupport/UnityEditor.WindowsStandalone.Extensions.dll
Registered in 0.014974 seconds.
- Loaded All Assemblies, in  0.467 seconds
Native extension for WindowsStandalone target not found
Native extension for WebGL target not found
Mono: successfully reloaded assembly
- Finished resetting the current domain, in  0.409 seconds
Domain Reload Profiling: 873ms
	BeginReloadAssembly (144ms)
		ExecutionOrderSort (0ms)
		DisableScriptedObjects (0ms)
		BackupInstance (0ms)
		ReleaseScriptingObjects (0ms)
		CreateAndSetChildDomain (1ms)
	RebuildCommonClasses (45ms)
	RebuildNativeTypeToScriptingClass (14ms)
	initialDomainReloadingComplete (87ms)
	LoadAllAssembliesAndSetupDomain (173ms)
		LoadAssemblies (140ms)
		RebuildTransferFunctionScriptingTraits (0ms)
		AnalyzeDomain (170ms)
			TypeCache.Refresh (168ms)
				TypeCache.ScanAssembly (152ms)
			ScanForSourceGeneratedMonoScriptInfo (0ms)
			ResolveRequiredComponents (1ms)
	FinalizeReload (410ms)
		ReleaseScriptCaches (0ms)
		RebuildScriptCaches (0ms)
		SetupLoadedEditorAssemblies (332ms)
			LogAssemblyErrors (0ms)
			InitializePlatformSupportModulesInManaged (17ms)
			SetLoadedEditorAssemblies (8ms)
			RefreshPlugins (0ms)
			BeforeProcessingInitializeOnLoad (3ms)
			ProcessInitializeOnLoadAttributes (226ms)
			ProcessInitializeOnLoadMethodAttributes (78ms)
			AfterProcessingInitializeOnLoad (0ms)
			EditorAssembliesLoaded (0ms)
		ExecutionOrderSort2 (0ms)
		AwakeInstancesAfterBackupRestoration (0ms)
========================================================================
Worker process is ready to serve import requests
Begin MonoManager ReloadAssembly
- Loaded All Assemblies, in  1.283 seconds
Refreshing native plugins compatible for Editor in 10.77 ms, found 4 plugins.
Native extension for WindowsStandalone target not found
Native extension for WebGL target not found
Package Manager log level set to [2]
[Package Manager] Server::EnsureServerProcessIsRunning -- launch failed, reason: Unity was launched with the -noUpm command-line argument
[Package Manager] UpmClient::Send -- Unable to send message (not connected to UPM process).
[Package Manager] Cannot connect to Unity Package Manager local server
Mono: successfully reloaded assembly
- Finished resetting the current domain, in  1.675 seconds
Domain Reload Profiling: 2949ms
	BeginReloadAssembly (204ms)
		ExecutionOrderSort (0ms)
		DisableScriptedObjects (7ms)
		BackupInstance (0ms)
		ReleaseScriptingObjects (0ms)
		CreateAndSetChildDomain (26ms)
	RebuildCommonClasses (56ms)
	RebuildNativeTypeToScriptingClass (17ms)
	initialDomainReloadingComplete (85ms)
	LoadAllAssembliesAndSetupDomain (911ms)
		LoadAssemblies (590ms)
		RebuildTransferFunctionScriptingTraits (0ms)
		AnalyzeDomain (443ms)
			TypeCache.Refresh (360ms)
				TypeCache.ScanAssembly (331ms)
			ScanForSourceGeneratedMonoScriptInfo (55ms)
			ResolveRequiredComponents (24ms)
	FinalizeReload (1676ms)
		ReleaseScriptCaches (0ms)
		RebuildScriptCaches (0ms)
		SetupLoadedEditorAssemblies (1283ms)
			LogAssemblyErrors (0ms)
			InitializePlatformSupportModulesInManaged (18ms)
			SetLoadedEditorAssemblies (10ms)
			RefreshPlugins (0ms)
			BeforeProcessingInitializeOnLoad (172ms)
			ProcessInitializeOnLoadAttributes (923ms)
			ProcessInitializeOnLoadMethodAttributes (145ms)
			AfterProcessingInitializeOnLoad (15ms)
			EditorAssembliesLoaded (0ms)
		ExecutionOrderSort2 (0ms)
		AwakeInstancesAfterBackupRestoration (11ms)
Launched and connected shader compiler UnityShaderCompiler.exe after 0.06 seconds
Refreshing native plugins compatible for Editor in 23.18 ms, found 4 plugins.
Preloading 0 native plugins for Editor in 0.00 ms.
Unloading 6113 Unused Serialized files (Serialized files now loaded: 0)
Unloading 93 unused Assets / (353.1 KB). Loaded Objects now: 6577.
Memory consumption went from 247.4 MB to 247.1 MB.
Total: 15.408700 ms (FindLiveObjects: 1.462600 ms CreateObjectMapping: 0.917300 ms MarkObjects: 12.453100 ms  DeleteObjects: 0.573400 ms)

AssetImportParameters requested are different than current active one (requested -> active):
  custom:container-demuxer-ogg: 62fdf1f143b41e24485cea50d1cbac27 -> 
  custom:video-codec-MediaFoundation-h265: 746d11721c4dcdbdad8f713fa42b33f4 -> 
  custom:video-decoder-ogg-theora: a1e56fd34408186e4bbccfd4996cb3dc -> 
  custom:framework-win-MediaFoundation: 216162199b28c13a410421893ffa2e32 -> 
  custom:CustomObjectIndexerAttribute: 72b91833f83ae208fae7752999fa3104 -> 
  custom:container-demuxer-webm: 4f35f7cbe854078d1ac9338744f61a02 -> 
  custom:container-muxer-webm: aa71ff27fc2769a1b78a27578f13a17b -> 
  custom:video-decoder-webm-vp8: 9c59270c3fd7afecdb556c50c9e8de78 -> 
  custom:SearchIndexIgnoredProperties: e643bd26f0fe6173181afceb89e7c659 -> 
  custom:AudioImporter_EditorPlatform: d09bf68614088b80899f8185d706f6e7 -> 
  custom:video-encoder-webm-vp8: eb34c28f22e8b96e1ab97ce403110664 -> 
  custom:audio-decoder-ogg-vorbis: bf7c407c2cedff20999df2af8eb42d56 -> 
  custom:audio-encoder-webm-vorbis: bf7c407c2cedff20999df2af8eb42d56 -> 
========================================================================
Received Import Request.
  Time since last request: 266601.063973 seconds.
  path: Assets/Architecture & Environment/Grass & Vines/fungd_vine_13_0001_Layer-2.png
  artifactKey: Guid(c2cf3423d16f53843b9e73fdec5221de) Importer(815301076,1909f56bfc062723c751e8b465ee728b)
Start importing Assets/Architecture & Environment/Grass & Vines/fungd_vine_13_0001_Layer-2.png using Guid(c2cf3423d16f53843b9e73fdec5221de) Importer(815301076,1909f56bfc062723c751e8b465ee728b)  -> (artifact id: '2d85e172fb614990a14b4d159190340a') in 0.194739 seconds
Number of updated asset objects reloaded before import = 0
Number of asset objects unloaded after import = 3
========================================================================
Received Import Request.
  Time since last request: 0.000034 seconds.
  path: Assets/Architecture & Environment/Grass & Vines/grass4_idle_00023.png
  artifactKey: Guid(eaf416ed8f0bf3a4daaa0e35fdd15c88) Importer(815301076,1909f56bfc062723c751e8b465ee728b)
Start importing Assets/Architecture & Environment/Grass & Vines/grass4_idle_00023.png using Guid(eaf416ed8f0bf3a4daaa0e35fdd15c88) Importer(815301076,1909f56bfc062723c751e8b465ee728b)  -> (artifact id: '23c967fc8267c75b01acca3096d397df') in 0.036855 seconds
Number of updated asset objects reloaded before import = 0
Number of asset objects unloaded after import = 3
========================================================================
Received Import Request.
  Time since last request: 0.000159 seconds.
  path: Assets/Architecture & Environment/Grass & Vines/grass_01_death.png
  artifactKey: Guid(8321c8239d5bca94ea7e139aebd0b548) Importer(815301076,1909f56bfc062723c751e8b465ee728b)
Start importing Assets/Architecture & Environment/Grass & Vines/grass_01_death.png using Guid(8321c8239d5bca94ea7e139aebd0b548) Importer(815301076,1909f56bfc062723c751e8b465ee728b)  -> (artifact id: 'ef939abe88a8cb3a9185554b7210c1db') in 0.031926 seconds
Number of updated asset objects reloaded before import = 0
Number of asset objects unloaded after import = 3
========================================================================
Received Import Request.
  Time since last request: 0.000017 seconds.
  path: Assets/Architecture & Environment/Grass & Vines/grass_01_idle0000.png
  artifactKey: Guid(45cafba354494b94196cd2e67b6c28cb) Importer(815301076,1909f56bfc062723c751e8b465ee728b)
Start importing Assets/Architecture & Environment/Grass & Vines/grass_01_idle0000.png using Guid(45cafba354494b94196cd2e67b6c28cb) Importer(815301076,1909f56bfc062723c751e8b465ee728b)  -> (artifact id: 'ebd27843e50e2d8f7da84ef8c94f672b') in 0.026395 seconds
Number of updated asset objects reloaded before import = 0
Number of asset objects unloaded after import = 3
========================================================================
Received Import Request.
  Time since last request: 0.000026 seconds.
  path: Assets/Architecture & Environment/Grass & Vines/grass5_idle_00007.png
  artifactKey: Guid(fd2195936d3ce88458198fcfe4abe334) Importer(815301076,1909f56bfc062723c751e8b465ee728b)
Start importing Assets/Architecture & Environment/Grass & Vines/grass5_idle_00007.png using Guid(fd2195936d3ce88458198fcfe4abe334) Importer(815301076,1909f56bfc062723c751e8b465ee728b)  -> (artifact id: 'fb6e396da4a66eaac63c19785cb708d6') in 0.031432 seconds
Number of updated asset objects reloaded before import = 0
Number of asset objects unloaded after import = 3
========================================================================
Received Import Request.
  Time since last request: 0.000037 seconds.
  path: Assets/Architecture & Environment/Grass & Vines/grass5_idle_00015.png
  artifactKey: Guid(1b5eeaaacb8221748b6232d46eefb8ab) Importer(815301076,1909f56bfc062723c751e8b465ee728b)
Start importing Assets/Architecture & Environment/Grass & Vines/grass5_idle_00015.png using Guid(1b5eeaaacb8221748b6232d46eefb8ab) Importer(815301076,1909f56bfc062723c751e8b465ee728b)  -> (artifact id: '3bb309c887a7b19bf7756110de85df36') in 0.031058 seconds
Number of updated asset objects reloaded before import = 0
Number of asset objects unloaded after import = 3
========================================================================
Received Import Request.
  Time since last request: 0.000031 seconds.
  path: Assets/Architecture & Environment/Grass & Vines/grass2_idle_00008.png
  artifactKey: Guid(aa002a257e8e48c4ea3421bf136d785d) Importer(815301076,1909f56bfc062723c751e8b465ee728b)
Start importing Assets/Architecture & Environment/Grass & Vines/grass2_idle_00008.png using Guid(aa002a257e8e48c4ea3421bf136d785d) Importer(815301076,1909f56bfc062723c751e8b465ee728b)  -> (artifact id: '4c9f0df3146d184036ffd93047d48824') in 0.030897 seconds
Number of updated asset objects reloaded before import = 0
Number of asset objects unloaded after import = 3
========================================================================
Received Import Request.
  Time since last request: 47.646328 seconds.
  path: Assets/Resources/Environments/Grass & Vines/fungd_vine_13_0001_Layer-2.png
  artifactKey: Guid(ece72768ce13cda4d851735c6954850c) Importer(815301076,1909f56bfc062723c751e8b465ee728b)
Start importing Assets/Resources/Environments/Grass & Vines/fungd_vine_13_0001_Layer-2.png using Guid(ece72768ce13cda4d851735c6954850c) Importer(815301076,1909f56bfc062723c751e8b465ee728b)  -> (artifact id: '85146e4590bcc85ec8f10232e157e7a5') in 0.024207 seconds
Number of updated asset objects reloaded before import = 0
Number of asset objects unloaded after import = 3
Editor requested this worker to shutdown with reason: Scaling down because of idle timeout
TcpMessagingSession - receive error: operation aborted. errorcode: 995, details: The I/O operation has been aborted because of either a thread exit or an application request.
AssetImportWorker is now disconnected from the server
Process exiting
Exiting without the bug reporter. Application will terminate with return code 0